2022-05-03T05:42:21.724Z [winston-test] info: 3000 포트로 서버가 켜졌어요!
2022-05-03T05:47:19.990Z [winston-test] info: 3000 포트로 서버가 켜졌어요!
2022-05-03T05:47:37.447Z [winston-test] info: 3000 포트로 서버가 켜졌어요!
2022-05-03T05:47:51.163Z [winston-test] info: 3000 포트로 서버가 켜졌어요!
2022-05-03T05:54:47.531Z [winston-test] info: 3000 포트로 서버가 켜졌어요!
2022-05-03T05:57:03.409Z [winston-test] info: 3000 포트로 서버가 켜졌어요!
2022-05-03T06:03:51.800Z [winston-test] info: 3000 포트로 서버가 켜졌어요!
2022-05-03T06:05:39.042Z [winston-test] error: uncaughtException: Cannot find module '../logger'
Require stack:
- C:\Users\황인호\Desktop\Military_BE\MilitaryBE\controllers\passportAuth.js
- C:\Users\황인호\Desktop\Military_BE\MilitaryBE\routers\auth.js
- C:\Users\황인호\Desktop\Military_BE\MilitaryBE\app.js
Error: Cannot find module '../logger'
Require stack:
- C:\Users\황인호\Desktop\Military_BE\MilitaryBE\controllers\passportAuth.js
- C:\Users\황인호\Desktop\Military_BE\MilitaryBE\routers\auth.js
- C:\Users\황인호\Desktop\Military_BE\MilitaryBE\app.js
    at Function.Module._resolveFilename (node:internal/modules/cjs/loader:933:15)
    at Function.Module._load (node:internal/modules/cjs/loader:778:27)
    at Module.require (node:internal/modules/cjs/loader:1005:19)
    at require (node:internal/modules/cjs/helpers:102:18)
    at Object.<anonymous> (C:\Users\황인호\Desktop\Military_BE\MilitaryBE\controllers\passportAuth.js:2:16)
    at Module._compile (node:internal/modules/cjs/loader:1101:14)
    at Object.Module._extensions..js (node:internal/modules/cjs/loader:1153:10)
    at Module.load (node:internal/modules/cjs/loader:981:32)
    at Function.Module._load (node:internal/modules/cjs/loader:822:12)
    at Module.require (node:internal/modules/cjs/loader:1005:19)
2022-05-03T06:05:50.936Z [winston-test] error: uncaughtException: Cannot find module '../logger'
Require stack:
- C:\Users\황인호\Desktop\Military_BE\MilitaryBE\controllers\passportAuth.js
- C:\Users\황인호\Desktop\Military_BE\MilitaryBE\routers\auth.js
- C:\Users\황인호\Desktop\Military_BE\MilitaryBE\app.js
Error: Cannot find module '../logger'
Require stack:
- C:\Users\황인호\Desktop\Military_BE\MilitaryBE\controllers\passportAuth.js
- C:\Users\황인호\Desktop\Military_BE\MilitaryBE\routers\auth.js
- C:\Users\황인호\Desktop\Military_BE\MilitaryBE\app.js
    at Function.Module._resolveFilename (node:internal/modules/cjs/loader:933:15)
    at Function.Module._load (node:internal/modules/cjs/loader:778:27)
    at Module.require (node:internal/modules/cjs/loader:1005:19)
    at require (node:internal/modules/cjs/helpers:102:18)
    at Object.<anonymous> (C:\Users\황인호\Desktop\Military_BE\MilitaryBE\controllers\passportAuth.js:2:16)
    at Module._compile (node:internal/modules/cjs/loader:1101:14)
    at Object.Module._extensions..js (node:internal/modules/cjs/loader:1153:10)
    at Module.load (node:internal/modules/cjs/loader:981:32)
    at Function.Module._load (node:internal/modules/cjs/loader:822:12)
    at Module.require (node:internal/modules/cjs/loader:1005:19)
2022-05-03T06:06:10.461Z [winston-test] info: 3000 포트로 서버가 켜졌어요!
2022-05-03T06:06:22.022Z [winston-test] info: 3000 포트로 서버가 켜졌어요!
2022-05-03T07:08:47.833Z [winston-test] info: 3000 포트로 서버가 켜졌어요!
2022-05-03T07:09:31.844Z [winston-test] info: 3000 포트로 서버가 켜졌어요!
2022-05-03T07:10:43.996Z [winston-test] info: 3000 포트로 서버가 켜졌어요!
2022-05-03T07:16:54.496Z [winston-test] info: 3000 포트로 서버가 켜졌어요!
2022-05-03T07:17:31.277Z [winston-test] info: 3000 포트로 서버가 켜졌어요!
2022-05-03T08:15:54.257Z [winston-test] info: 3000 포트로 서버가 켜졌어요!
2022-05-03T08:16:25.982Z [winston-test] info: 3000 포트로 서버가 켜졌어요!
2022-05-03T08:18:03.562Z [winston-test] info: 3000 포트로 서버가 켜졌어요!
2022-05-03T12:52:00.042Z [winston-test] info: 3000 포트로 서버가 켜졌어요!
2022-05-03T13:12:43.783Z [winston-test] info: 3000 포트로 서버가 켜졌어요!
2022-05-03T13:15:01.528Z [winston-test] info: 3000 포트로 서버가 켜졌어요!
2022-05-03T13:15:47.524Z [winston-test] info: 3000 포트로 서버가 켜졌어요!
2022-05-03T13:16:38.808Z [winston-test] info: 3000 포트로 서버가 켜졌어요!
2022-05-03T13:16:59.401Z [winston-test] info: 3000 포트로 서버가 켜졌어요!
2022-05-03T13:17:30.107Z [winston-test] info: 3000 포트로 서버가 켜졌어요!
2022-05-03T13:17:36.020Z [winston-test] info: 3000 포트로 서버가 켜졌어요!
2022-05-03T13:18:06.608Z [winston-test] info: 3000 포트로 서버가 켜졌어요!
2022-05-03T13:19:47.947Z [winston-test] info: 3000 포트로 서버가 켜졌어요!
2022-05-03T13:19:57.532Z [winston-test] info: 3000 포트로 서버가 켜졌어요!
2022-05-03T13:20:01.807Z [winston-test] info: 3000 포트로 서버가 켜졌어요!
2022-05-03T13:21:35.961Z [winston-test] info: 3000 포트로 서버가 켜졌어요!
2022-05-03T13:22:09.399Z [winston-test] info: 3000 포트로 서버가 켜졌어요!
2022-05-03T13:22:46.639Z [winston-test] info: 3000 포트로 서버가 켜졌어요!
2022-05-03T13:23:49.501Z [winston-test] info: 3000 포트로 서버가 켜졌어요!
2022-05-03T13:24:03.541Z [winston-test] info: 3000 포트로 서버가 켜졌어요!
2022-05-03T13:24:11.474Z [winston-test] info: 3000 포트로 서버가 켜졌어요!
2022-05-03T13:27:27.121Z [winston-test] info: 3000 포트로 서버가 켜졌어요!
2022-05-03T13:27:48.113Z [winston-test] info: 3000 포트로 서버가 켜졌어요!
2022-05-03T13:27:58.723Z [winston-test] info: 3000 포트로 서버가 켜졌어요!
2022-05-03T13:28:07.577Z [winston-test] info: 3000 포트로 서버가 켜졌어요!
2022-05-03T13:28:34.903Z [winston-test] info: 3000 포트로 서버가 켜졌어요!
2022-05-03T13:32:06.901Z [winston-test] info: 3000 포트로 서버가 켜졌어요!
2022-05-03T13:32:27.444Z [winston-test] info: 3000 포트로 서버가 켜졌어요!
2022-05-03T13:33:12.412Z [winston-test] info: 3000 포트로 서버가 켜졌어요!
2022-05-03T13:33:17.279Z [winston-test] error: uncaughtException: userProfileread is not defined
ReferenceError: userProfileread is not defined
    at Object.<anonymous> (C:\Users\황인호\Desktop\Military_BE\MilitaryBE\controllers\mypage.js:89:5)
    at Module._compile (node:internal/modules/cjs/loader:1101:14)
    at Object.Module._extensions..js (node:internal/modules/cjs/loader:1153:10)
    at Module.load (node:internal/modules/cjs/loader:981:32)
    at Function.Module._load (node:internal/modules/cjs/loader:822:12)
    at Module.require (node:internal/modules/cjs/loader:1005:19)
    at require (node:internal/modules/cjs/helpers:102:18)
    at Object.<anonymous> (C:\Users\황인호\Desktop\Military_BE\MilitaryBE\routers\mypage.js:9:5)
    at Module._compile (node:internal/modules/cjs/loader:1101:14)
    at Object.Module._extensions..js (node:internal/modules/cjs/loader:1153:10)
2022-05-03T13:33:20.552Z [winston-test] error: uncaughtException: userProfileread is not defined
ReferenceError: userProfileread is not defined
    at Object.<anonymous> (C:\Users\황인호\Desktop\Military_BE\MilitaryBE\controllers\mypage.js:89:5)
    at Module._compile (node:internal/modules/cjs/loader:1101:14)
    at Object.Module._extensions..js (node:internal/modules/cjs/loader:1153:10)
    at Module.load (node:internal/modules/cjs/loader:981:32)
    at Function.Module._load (node:internal/modules/cjs/loader:822:12)
    at Module.require (node:internal/modules/cjs/loader:1005:19)
    at require (node:internal/modules/cjs/helpers:102:18)
    at Object.<anonymous> (C:\Users\황인호\Desktop\Military_BE\MilitaryBE\routers\mypage.js:9:5)
    at Module._compile (node:internal/modules/cjs/loader:1101:14)
    at Object.Module._extensions..js (node:internal/modules/cjs/loader:1153:10)
2022-05-03T13:33:33.565Z [winston-test] error: uncaughtException: userProfileread is not defined
ReferenceError: userProfileread is not defined
    at Object.<anonymous> (C:\Users\황인호\Desktop\Military_BE\MilitaryBE\controllers\mypage.js:89:5)
    at Module._compile (node:internal/modules/cjs/loader:1101:14)
    at Object.Module._extensions..js (node:internal/modules/cjs/loader:1153:10)
    at Module.load (node:internal/modules/cjs/loader:981:32)
    at Function.Module._load (node:internal/modules/cjs/loader:822:12)
    at Module.require (node:internal/modules/cjs/loader:1005:19)
    at require (node:internal/modules/cjs/helpers:102:18)
    at Object.<anonymous> (C:\Users\황인호\Desktop\Military_BE\MilitaryBE\routers\mypage.js:9:5)
    at Module._compile (node:internal/modules/cjs/loader:1101:14)
    at Object.Module._extensions..js (node:internal/modules/cjs/loader:1153:10)
2022-05-03T13:33:41.018Z [winston-test] info: 3000 포트로 서버가 켜졌어요!
2022-05-03T13:34:13.590Z [winston-test] info: 3000 포트로 서버가 켜졌어요!
2022-05-03T13:34:42.444Z [winston-test] info: 3000 포트로 서버가 켜졌어요!
2022-05-03T13:34:43.842Z [winston-test] info: 3000 포트로 서버가 켜졌어요!
2022-05-03T13:35:08.012Z [winston-test] info: 3000 포트로 서버가 켜졌어요!
2022-05-03T13:36:41.799Z [winston-test] info: 3000 포트로 서버가 켜졌어요!
2022-05-03T13:36:50.925Z [winston-test] info: 3000 포트로 서버가 켜졌어요!
2022-05-03T13:39:12.218Z [winston-test] info: 3000 포트로 서버가 켜졌어요!
2022-05-04T00:46:43.908Z [winston-test] info: 3000 포트로 서버가 켜졌어요!
2022-05-04T00:47:01.256Z [winston-test] info: 3000 포트로 서버가 켜졌어요!
2022-05-04T00:47:28.117Z [winston-test] info: 3000 포트로 서버가 켜졌어요!
2022-05-04T00:51:15.233Z [winston-test] info: 3000 포트로 서버가 켜졌어요!
2022-05-04T00:51:44.959Z [winston-test] info: 3000 포트로 서버가 켜졌어요!
2022-05-04T00:51:58.107Z [winston-test] info: 3000 포트로 서버가 켜졌어요!
2022-05-04T00:52:12.062Z [winston-test] error: uncaughtException: Route.get() requires a callback function but got a [object Undefined]
Error: Route.get() requires a callback function but got a [object Undefined]
    at Route.<computed> [as get] (C:\Users\황인호\Desktop\Military_BE\MilitaryBE\node_modules\express\lib\router\route.js:202:15)
    at Function.proto.<computed> [as get] (C:\Users\황인호\Desktop\Military_BE\MilitaryBE\node_modules\express\lib\router\index.js:516:19)
    at Object.<anonymous> (C:\Users\황인호\Desktop\Military_BE\MilitaryBE\routers\mypage.js:16:8)
    at Module._compile (node:internal/modules/cjs/loader:1101:14)
    at Object.Module._extensions..js (node:internal/modules/cjs/loader:1153:10)
    at Module.load (node:internal/modules/cjs/loader:981:32)
    at Function.Module._load (node:internal/modules/cjs/loader:822:12)
    at Module.require (node:internal/modules/cjs/loader:1005:19)
    at require (node:internal/modules/cjs/helpers:102:18)
    at Object.<anonymous> (C:\Users\황인호\Desktop\Military_BE\MilitaryBE\app.js:18:22)
2022-05-04T00:52:15.883Z [winston-test] info: 3000 포트로 서버가 켜졌어요!
2022-05-04T00:55:04.323Z [winston-test] info: 3000 포트로 서버가 켜졌어요!
2022-05-04T00:55:28.463Z [winston-test] info: 3000 포트로 서버가 켜졌어요!
2022-05-04T01:11:05.725Z [winston-test] info: 3000 포트로 서버가 켜졌어요!
2022-05-04T01:12:21.250Z [winston-test] info: 3000 포트로 서버가 켜졌어요!
2022-05-04T01:13:04.336Z [winston-test] info: 3000 포트로 서버가 켜졌어요!
2022-05-04T01:13:30.080Z [winston-test] info: 3000 포트로 서버가 켜졌어요!
2022-05-04T01:14:13.346Z [winston-test] info: 3000 포트로 서버가 켜졌어요!
2022-05-04T01:15:56.023Z [winston-test] info: 3000 포트로 서버가 켜졌어요!
2022-05-04T01:16:00.322Z [winston-test] info: 3000 포트로 서버가 켜졌어요!
2022-05-04T01:16:30.215Z [winston-test] info: 3000 포트로 서버가 켜졌어요!
2022-05-04T01:16:35.700Z [winston-test] info: 3000 포트로 서버가 켜졌어요!
2022-05-04T01:21:19.361Z [winston-test] info: 3000 포트로 서버가 켜졌어요!
2022-05-04T01:21:41.888Z [winston-test] info: 3000 포트로 서버가 켜졌어요!
2022-05-04T01:25:17.595Z [winston-test] info: 3000 포트로 서버가 켜졌어요!
2022-05-04T01:25:35.996Z [winston-test] info: 3000 포트로 서버가 켜졌어요!
2022-05-04T01:26:19.541Z [winston-test] info: 3000 포트로 서버가 켜졌어요!
2022-05-04T01:26:37.376Z [winston-test] info: 3000 포트로 서버가 켜졌어요!
2022-05-04T01:26:53.376Z [winston-test] info: 3000 포트로 서버가 켜졌어요!
2022-05-04T01:27:00.322Z [winston-test] info: 3000 포트로 서버가 켜졌어요!
2022-05-04T01:27:09.214Z [winston-test] info: 3000 포트로 서버가 켜졌어요!
2022-05-04T01:27:21.779Z [winston-test] info: 3000 포트로 서버가 켜졌어요!
2022-05-04T01:28:59.554Z [winston-test] info: 3000 포트로 서버가 켜졌어요!
2022-05-04T01:29:05.029Z [winston-test] info: 3000 포트로 서버가 켜졌어요!
2022-05-04T01:29:08.058Z [winston-test] error: uncaughtException: Unexpected end of input
C:\Users\황인호\Desktop\Military_BE\MilitaryBE\controllers\mypage.js:100
    // preTestpatch };
                      

SyntaxError: Unexpected end of input
    at Object.compileFunction (node:vm:352:18)
    at wrapSafe (node:internal/modules/cjs/loader:1031:15)
    at Module._compile (node:internal/modules/cjs/loader:1065:27)
    at Object.Module._extensions..js (node:internal/modules/cjs/loader:1153:10)
    at Module.load (node:internal/modules/cjs/loader:981:32)
    at Function.Module._load (node:internal/modules/cjs/loader:822:12)
    at Module.require (node:internal/modules/cjs/loader:1005:19)
    at require (node:internal/modules/cjs/helpers:102:18)
    at Object.<anonymous> (C:\Users\황인호\Desktop\Military_BE\MilitaryBE\routers\mypage.js:9:5)
    at Module._compile (node:internal/modules/cjs/loader:1101:14)
2022-05-04T01:29:20.686Z [winston-test] info: 3000 포트로 서버가 켜졌어요!
2022-05-04T01:31:46.703Z [winston-test] info: 3000 포트로 서버가 켜졌어요!
2022-05-04T01:32:41.042Z [winston-test] info: 3000 포트로 서버가 켜졌어요!
2022-05-04T01:33:01.987Z [winston-test] info: 3000 포트로 서버가 켜졌어요!
2022-05-04T01:33:11.041Z [winston-test] info: 3000 포트로 서버가 켜졌어요!
2022-05-04T01:33:42.974Z [winston-test] info: 3000 포트로 서버가 켜졌어요!
2022-05-04T01:34:58.363Z [winston-test] info: 3000 포트로 서버가 켜졌어요!
2022-05-04T01:35:06.889Z [winston-test] info: 3000 포트로 서버가 켜졌어요!
2022-05-04T01:35:15.307Z [winston-test] info: 3000 포트로 서버가 켜졌어요!
2022-05-04T01:35:24.707Z [winston-test] info: 3000 포트로 서버가 켜졌어요!
2022-05-04T01:35:29.410Z [winston-test] info: 3000 포트로 서버가 켜졌어요!
2022-05-04T01:36:07.772Z [winston-test] info: 3000 포트로 서버가 켜졌어요!
2022-05-04T01:36:16.134Z [winston-test] info: 3000 포트로 서버가 켜졌어요!
2022-05-04T01:36:34.545Z [winston-test] info: 3000 포트로 서버가 켜졌어요!
2022-05-04T01:39:28.776Z [winston-test] info: 3000 포트로 서버가 켜졌어요!
2022-05-04T01:39:52.734Z [winston-test] info: 3000 포트로 서버가 켜졌어요!
2022-05-04T01:40:31.646Z [winston-test] info: 3000 포트로 서버가 켜졌어요!
2022-05-04T01:40:44.250Z [winston-test] info: 3000 포트로 서버가 켜졌어요!
2022-05-04T01:40:55.656Z [winston-test] info: 3000 포트로 서버가 켜졌어요!
2022-05-04T01:41:04.476Z [winston-test] info: 3000 포트로 서버가 켜졌어요!
2022-05-04T01:41:16.194Z [winston-test] info: 3000 포트로 서버가 켜졌어요!
2022-05-04T01:41:26.470Z [winston-test] info: 3000 포트로 서버가 켜졌어요!
2022-05-04T01:41:36.284Z [winston-test] info: 3000 포트로 서버가 켜졌어요!
2022-05-04T01:42:22.283Z [winston-test] info: 3000 포트로 서버가 켜졌어요!
2022-05-04T01:42:34.398Z [winston-test] info: 3000 포트로 서버가 켜졌어요!
2022-05-04T01:43:00.803Z [winston-test] info: 3000 포트로 서버가 켜졌어요!
2022-05-04T01:44:34.133Z [winston-test] info: 3000 포트로 서버가 켜졌어요!
2022-05-04T01:44:58.577Z [winston-test] info: 3000 포트로 서버가 켜졌어요!
2022-05-04T01:45:16.666Z [winston-test] info: 3000 포트로 서버가 켜졌어요!
2022-05-04T01:45:29.549Z [winston-test] info: 3000 포트로 서버가 켜졌어요!
2022-05-04T01:45:45.843Z [winston-test] info: 3000 포트로 서버가 켜졌어요!
2022-05-04T01:46:03.736Z [winston-test] info: 3000 포트로 서버가 켜졌어요!
2022-05-04T01:46:15.935Z [winston-test] info: 3000 포트로 서버가 켜졌어요!
2022-05-04T01:46:42.676Z [winston-test] info: 3000 포트로 서버가 켜졌어요!
2022-05-04T01:47:16.693Z [winston-test] info: 3000 포트로 서버가 켜졌어요!
2022-05-04T01:47:35.534Z [winston-test] info: 3000 포트로 서버가 켜졌어요!
2022-05-04T01:48:14.542Z [winston-test] info: 3000 포트로 서버가 켜졌어요!
2022-05-04T01:48:27.605Z [winston-test] info: 3000 포트로 서버가 켜졌어요!
2022-05-04T01:48:40.657Z [winston-test] info: 3000 포트로 서버가 켜졌어요!
2022-05-04T01:48:56.287Z [winston-test] info: 3000 포트로 서버가 켜졌어요!
2022-05-04T01:49:50.779Z [winston-test] info: 3000 포트로 서버가 켜졌어요!
2022-05-04T01:50:04.970Z [winston-test] info: 3000 포트로 서버가 켜졌어요!
2022-05-04T01:50:57.705Z [winston-test] info: 3000 포트로 서버가 켜졌어요!
2022-05-04T01:51:01.773Z [winston-test] info: 3000 포트로 서버가 켜졌어요!
2022-05-04T01:51:34.669Z [winston-test] info: 3000 포트로 서버가 켜졌어요!
2022-05-04T01:51:52.752Z [winston-test] info: 3000 포트로 서버가 켜졌어요!
2022-05-04T01:52:05.339Z [winston-test] info: 3000 포트로 서버가 켜졌어요!
2022-05-04T01:52:19.268Z [winston-test] info: 3000 포트로 서버가 켜졌어요!
2022-05-04T01:55:30.391Z [winston-test] info: 3000 포트로 서버가 켜졌어요!
2022-05-04T01:55:46.659Z [winston-test] info: 3000 포트로 서버가 켜졌어요!
2022-05-04T01:56:41.777Z [winston-test] info: 3000 포트로 서버가 켜졌어요!
2022-05-04T01:57:10.787Z [winston-test] info: 3000 포트로 서버가 켜졌어요!
2022-05-04T01:57:43.520Z [winston-test] info: 3000 포트로 서버가 켜졌어요!
2022-05-04T01:57:48.560Z [winston-test] info: 3000 포트로 서버가 켜졌어요!
2022-05-04T01:58:17.886Z [winston-test] info: 3000 포트로 서버가 켜졌어요!
2022-05-04T01:58:29.352Z [winston-test] info: 3000 포트로 서버가 켜졌어요!
2022-05-04T01:59:21.765Z [winston-test] info: 3000 포트로 서버가 켜졌어요!
2022-05-04T01:59:32.870Z [winston-test] info: 3000 포트로 서버가 켜졌어요!
2022-05-04T02:00:14.177Z [winston-test] info: 3000 포트로 서버가 켜졌어요!
2022-05-04T02:01:18.207Z [winston-test] info: 3000 포트로 서버가 켜졌어요!
2022-05-04T02:01:55.182Z [winston-test] info: 3000 포트로 서버가 켜졌어요!
2022-05-04T02:03:06.041Z [winston-test] info: 3000 포트로 서버가 켜졌어요!
2022-05-04T02:04:16.031Z [winston-test] info: 3000 포트로 서버가 켜졌어요!
2022-05-04T02:04:38.502Z [winston-test] info: 3000 포트로 서버가 켜졌어요!
2022-05-04T02:07:54.226Z [winston-test] info: 3000 포트로 서버가 켜졌어요!
2022-05-04T02:08:00.141Z [winston-test] info: 3000 포트로 서버가 켜졌어요!
2022-05-04T02:08:18.656Z [winston-test] info: 3000 포트로 서버가 켜졌어요!
2022-05-04T04:48:23.793Z [winston-test] info: 3000 포트로 서버가 켜졌어요!
2022-05-04T04:49:11.012Z [winston-test] info: 3000 포트로 서버가 켜졌어요!
2022-05-04T04:52:29.164Z [winston-test] info: 3000 포트로 서버가 켜졌어요!
2022-05-04T04:54:58.030Z [winston-test] info: 3000 포트로 서버가 켜졌어요!
2022-05-04T04:55:26.659Z [winston-test] info: 3000 포트로 서버가 켜졌어요!
2022-05-04T04:55:49.172Z [winston-test] info: 3000 포트로 서버가 켜졌어요!
2022-05-04T04:56:09.925Z [winston-test] info: 3000 포트로 서버가 켜졌어요!
2022-05-04T04:57:15.302Z [winston-test] info: 3000 포트로 서버가 켜졌어요!
2022-05-04T04:57:29.139Z [winston-test] info: 3000 포트로 서버가 켜졌어요!
2022-05-04T04:58:27.585Z [winston-test] info: 3000 포트로 서버가 켜졌어요!
2022-05-04T04:58:51.132Z [winston-test] info: 3000 포트로 서버가 켜졌어요!
2022-05-04T05:01:40.825Z [winston-test] info: 3000 포트로 서버가 켜졌어요!
2022-05-04T05:03:09.263Z [winston-test] info: 3000 포트로 서버가 켜졌어요!
2022-05-04T05:05:24.512Z [winston-test] info: 3000 포트로 서버가 켜졌어요!
2022-05-04T05:05:49.533Z [winston-test] info: 3000 포트로 서버가 켜졌어요!
2022-05-04T05:06:03.137Z [winston-test] info: 3000 포트로 서버가 켜졌어요!
2022-05-04T05:06:20.258Z [winston-test] info: 3000 포트로 서버가 켜졌어요!
2022-05-04T05:06:30.591Z [winston-test] info: 3000 포트로 서버가 켜졌어요!
2022-05-04T05:06:47.049Z [winston-test] info: 3000 포트로 서버가 켜졌어요!
2022-05-04T05:06:59.880Z [winston-test] info: 3000 포트로 서버가 켜졌어요!
2022-05-04T05:07:01.535Z [winston-test] info: 3000 포트로 서버가 켜졌어요!
2022-05-04T05:07:15.274Z [winston-test] info: 3000 포트로 서버가 켜졌어요!
2022-05-04T05:07:55.330Z [winston-test] info: 3000 포트로 서버가 켜졌어요!
2022-05-04T05:08:04.616Z [winston-test] info: 3000 포트로 서버가 켜졌어요!
2022-05-04T05:08:25.232Z [winston-test] error: uncaughtException: Unexpected token '['
C:\Users\황인호\Desktop\Military_BE\MilitaryBE\controllers\mypage.js:13
        console.log(userchallenge.["userId"])
                                  ^

SyntaxError: Unexpected token '['
    at Object.compileFunction (node:vm:352:18)
    at wrapSafe (node:internal/modules/cjs/loader:1031:15)
    at Module._compile (node:internal/modules/cjs/loader:1065:27)
    at Object.Module._extensions..js (node:internal/modules/cjs/loader:1153:10)
    at Module.load (node:internal/modules/cjs/loader:981:32)
    at Function.Module._load (node:internal/modules/cjs/loader:822:12)
    at Module.require (node:internal/modules/cjs/loader:1005:19)
    at require (node:internal/modules/cjs/helpers:102:18)
    at Object.<anonymous> (C:\Users\황인호\Desktop\Military_BE\MilitaryBE\routers\mypage.js:9:5)
    at Module._compile (node:internal/modules/cjs/loader:1101:14)
2022-05-04T05:08:54.875Z [winston-test] info: 3000 포트로 서버가 켜졌어요!
2022-05-04T05:09:35.954Z [winston-test] error: uncaughtException: Unexpected token ')'
C:\Users\황인호\Desktop\Military_BE\MilitaryBE\controllers\mypage.js:13
        console.log(userchallenge.)
                                  ^

SyntaxError: Unexpected token ')'
    at Object.compileFunction (node:vm:352:18)
    at wrapSafe (node:internal/modules/cjs/loader:1031:15)
    at Module._compile (node:internal/modules/cjs/loader:1065:27)
    at Object.Module._extensions..js (node:internal/modules/cjs/loader:1153:10)
    at Module.load (node:internal/modules/cjs/loader:981:32)
    at Function.Module._load (node:internal/modules/cjs/loader:822:12)
    at Module.require (node:internal/modules/cjs/loader:1005:19)
    at require (node:internal/modules/cjs/helpers:102:18)
    at Object.<anonymous> (C:\Users\황인호\Desktop\Military_BE\MilitaryBE\routers\mypage.js:9:5)
    at Module._compile (node:internal/modules/cjs/loader:1101:14)
2022-05-04T05:09:37.190Z [winston-test] info: 3000 포트로 서버가 켜졌어요!
2022-05-04T05:09:57.415Z [winston-test] info: 3000 포트로 서버가 켜졌어요!
2022-05-04T07:11:47.199Z [winston-test] info: 3000 포트로 서버가 켜졌어요!
2022-05-04T08:32:35.479Z [winston-test] error: uncaughtException: Cannot find module './env'
Require stack:
- C:\Users\황인호\Desktop\Military_BE\MilitaryBE\app.js
Error: Cannot find module './env'
Require stack:
- C:\Users\황인호\Desktop\Military_BE\MilitaryBE\app.js
    at Function.Module._resolveFilename (node:internal/modules/cjs/loader:933:15)
    at Function.Module._load (node:internal/modules/cjs/loader:778:27)
    at Module.require (node:internal/modules/cjs/loader:1005:19)
    at require (node:internal/modules/cjs/helpers:102:18)
    at Object.<anonymous> (C:\Users\황인호\Desktop\Military_BE\MilitaryBE\app.js:12:13)
    at Module._compile (node:internal/modules/cjs/loader:1101:14)
    at Object.Module._extensions..js (node:internal/modules/cjs/loader:1153:10)
    at Module.load (node:internal/modules/cjs/loader:981:32)
    at Function.Module._load (node:internal/modules/cjs/loader:822:12)
    at Function.executeUserEntryPoint [as runMain] (node:internal/modules/run_main:81:12)
2022-05-04T08:33:13.438Z [winston-test] error: uncaughtException: Cannot find module '/env'
Require stack:
- C:\Users\황인호\Desktop\Military_BE\MilitaryBE\app.js
Error: Cannot find module '/env'
Require stack:
- C:\Users\황인호\Desktop\Military_BE\MilitaryBE\app.js
    at Function.Module._resolveFilename (node:internal/modules/cjs/loader:933:15)
    at Function.Module._load (node:internal/modules/cjs/loader:778:27)
    at Module.require (node:internal/modules/cjs/loader:1005:19)
    at require (node:internal/modules/cjs/helpers:102:18)
    at Object.<anonymous> (C:\Users\황인호\Desktop\Military_BE\MilitaryBE\app.js:12:13)
    at Module._compile (node:internal/modules/cjs/loader:1101:14)
    at Object.Module._extensions..js (node:internal/modules/cjs/loader:1153:10)
    at Module.load (node:internal/modules/cjs/loader:981:32)
    at Function.Module._load (node:internal/modules/cjs/loader:822:12)
    at Function.executeUserEntryPoint [as runMain] (node:internal/modules/run_main:81:12)
2022-05-04T08:33:22.615Z [winston-test] error: uncaughtException: Unexpected end of input
C:\Users\황인호\Desktop\Military_BE\MilitaryBE\.env:4
DOMAIN : http://localhost:3000/api/auth/naver/callback
                                                      

SyntaxError: Unexpected end of input
    at Object.compileFunction (node:vm:352:18)
    at wrapSafe (node:internal/modules/cjs/loader:1031:15)
    at Module._compile (node:internal/modules/cjs/loader:1065:27)
    at Object.Module._extensions..js (node:internal/modules/cjs/loader:1153:10)
    at Module.load (node:internal/modules/cjs/loader:981:32)
    at Function.Module._load (node:internal/modules/cjs/loader:822:12)
    at Module.require (node:internal/modules/cjs/loader:1005:19)
    at require (node:internal/modules/cjs/helpers:102:18)
    at Object.<anonymous> (C:\Users\황인호\Desktop\Military_BE\MilitaryBE\app.js:12:13)
    at Module._compile (node:internal/modules/cjs/loader:1101:14)
2022-05-04T08:33:27.550Z [winston-test] error: uncaughtException: Unexpected end of input
C:\Users\황인호\Desktop\Military_BE\MilitaryBE\.env:4
DOMAIN : http://localhost:3000/api/auth/naver/callback
                                                      

SyntaxError: Unexpected end of input
    at Object.compileFunction (node:vm:352:18)
    at wrapSafe (node:internal/modules/cjs/loader:1031:15)
    at Module._compile (node:internal/modules/cjs/loader:1065:27)
    at Object.Module._extensions..js (node:internal/modules/cjs/loader:1153:10)
    at Module.load (node:internal/modules/cjs/loader:981:32)
    at Function.Module._load (node:internal/modules/cjs/loader:822:12)
    at Module.require (node:internal/modules/cjs/loader:1005:19)
    at require (node:internal/modules/cjs/helpers:102:18)
    at Object.<anonymous> (C:\Users\황인호\Desktop\Military_BE\MilitaryBE\app.js:12:13)
    at Module._compile (node:internal/modules/cjs/loader:1101:14)
2022-05-04T08:34:14.515Z [winston-test] error: uncaughtException: soldierChallenge is not defined
ReferenceError: soldierChallenge is not defined
    at Object.<anonymous> (C:\Users\황인호\Desktop\Military_BE\MilitaryBE\.env:1:13)
    at Module._compile (node:internal/modules/cjs/loader:1101:14)
    at Object.Module._extensions..js (node:internal/modules/cjs/loader:1153:10)
    at Module.load (node:internal/modules/cjs/loader:981:32)
    at Function.Module._load (node:internal/modules/cjs/loader:822:12)
    at Module.require (node:internal/modules/cjs/loader:1005:19)
    at require (node:internal/modules/cjs/helpers:102:18)
    at Object.<anonymous> (C:\Users\황인호\Desktop\Military_BE\MilitaryBE\app.js:12:13)
    at Module._compile (node:internal/modules/cjs/loader:1101:14)
    at Object.Module._extensions..js (node:internal/modules/cjs/loader:1153:10)
2022-05-04T08:34:48.463Z [winston-test] error: uncaughtException: Cannot find module './env'
Require stack:
- C:\Users\황인호\Desktop\Military_BE\MilitaryBE\passport.js
- C:\Users\황인호\Desktop\Military_BE\MilitaryBE\app.js
Error: Cannot find module './env'
Require stack:
- C:\Users\황인호\Desktop\Military_BE\MilitaryBE\passport.js
- C:\Users\황인호\Desktop\Military_BE\MilitaryBE\app.js
    at Function.Module._resolveFilename (node:internal/modules/cjs/loader:933:15)
    at Function.Module._load (node:internal/modules/cjs/loader:778:27)
    at Module.require (node:internal/modules/cjs/loader:1005:19)
    at require (node:internal/modules/cjs/helpers:102:18)
    at Object.<anonymous> (C:\Users\황인호\Desktop\Military_BE\MilitaryBE\passport.js:5:13)
    at Module._compile (node:internal/modules/cjs/loader:1101:14)
    at Object.Module._extensions..js (node:internal/modules/cjs/loader:1153:10)
    at Module.load (node:internal/modules/cjs/loader:981:32)
    at Function.Module._load (node:internal/modules/cjs/loader:822:12)
    at Module.require (node:internal/modules/cjs/loader:1005:19)
2022-05-04T08:34:52.907Z [winston-test] error: uncaughtException: Cannot find module './env'
Require stack:
- C:\Users\황인호\Desktop\Military_BE\MilitaryBE\passport.js
- C:\Users\황인호\Desktop\Military_BE\MilitaryBE\app.js
Error: Cannot find module './env'
Require stack:
- C:\Users\황인호\Desktop\Military_BE\MilitaryBE\passport.js
- C:\Users\황인호\Desktop\Military_BE\MilitaryBE\app.js
    at Function.Module._resolveFilename (node:internal/modules/cjs/loader:933:15)
    at Function.Module._load (node:internal/modules/cjs/loader:778:27)
    at Module.require (node:internal/modules/cjs/loader:1005:19)
    at require (node:internal/modules/cjs/helpers:102:18)
    at Object.<anonymous> (C:\Users\황인호\Desktop\Military_BE\MilitaryBE\passport.js:5:13)
    at Module._compile (node:internal/modules/cjs/loader:1101:14)
    at Object.Module._extensions..js (node:internal/modules/cjs/loader:1153:10)
    at Module.load (node:internal/modules/cjs/loader:981:32)
    at Function.Module._load (node:internal/modules/cjs/loader:822:12)
    at Module.require (node:internal/modules/cjs/loader:1005:19)
2022-05-04T08:35:11.345Z [winston-test] error: uncaughtException: Cannot find module './env'
Require stack:
- C:\Users\황인호\Desktop\Military_BE\MilitaryBE\passport.js
- C:\Users\황인호\Desktop\Military_BE\MilitaryBE\app.js
Error: Cannot find module './env'
Require stack:
- C:\Users\황인호\Desktop\Military_BE\MilitaryBE\passport.js
- C:\Users\황인호\Desktop\Military_BE\MilitaryBE\app.js
    at Function.Module._resolveFilename (node:internal/modules/cjs/loader:933:15)
    at Function.Module._load (node:internal/modules/cjs/loader:778:27)
    at Module.require (node:internal/modules/cjs/loader:1005:19)
    at require (node:internal/modules/cjs/helpers:102:18)
    at Object.<anonymous> (C:\Users\황인호\Desktop\Military_BE\MilitaryBE\passport.js:5:13)
    at Module._compile (node:internal/modules/cjs/loader:1101:14)
    at Object.Module._extensions..js (node:internal/modules/cjs/loader:1153:10)
    at Module.load (node:internal/modules/cjs/loader:981:32)
    at Function.Module._load (node:internal/modules/cjs/loader:822:12)
    at Module.require (node:internal/modules/cjs/loader:1005:19)
2022-05-04T08:35:30.499Z [winston-test] error: uncaughtException: Unexpected end of input
C:\Users\황인호\Desktop\Military_BE\MilitaryBE\.env:4
DOMAIN : http://localhost:3000/api/auth/naver/callback
                                                      

SyntaxError: Unexpected end of input
    at Object.compileFunction (node:vm:352:18)
    at wrapSafe (node:internal/modules/cjs/loader:1031:15)
    at Module._compile (node:internal/modules/cjs/loader:1065:27)
    at Object.Module._extensions..js (node:internal/modules/cjs/loader:1153:10)
    at Module.load (node:internal/modules/cjs/loader:981:32)
    at Function.Module._load (node:internal/modules/cjs/loader:822:12)
    at Module.require (node:internal/modules/cjs/loader:1005:19)
    at require (node:internal/modules/cjs/helpers:102:18)
    at Object.<anonymous> (C:\Users\황인호\Desktop\Military_BE\MilitaryBE\passport.js:5:13)
    at Module._compile (node:internal/modules/cjs/loader:1101:14)
2022-05-04T08:35:34.888Z [winston-test] error: uncaughtException: Cannot find module './env'
Require stack:
- C:\Users\황인호\Desktop\Military_BE\MilitaryBE\passport.js
- C:\Users\황인호\Desktop\Military_BE\MilitaryBE\app.js
Error: Cannot find module './env'
Require stack:
- C:\Users\황인호\Desktop\Military_BE\MilitaryBE\passport.js
- C:\Users\황인호\Desktop\Military_BE\MilitaryBE\app.js
    at Function.Module._resolveFilename (node:internal/modules/cjs/loader:933:15)
    at Function.Module._load (node:internal/modules/cjs/loader:778:27)
    at Module.require (node:internal/modules/cjs/loader:1005:19)
    at require (node:internal/modules/cjs/helpers:102:18)
    at Object.<anonymous> (C:\Users\황인호\Desktop\Military_BE\MilitaryBE\passport.js:5:13)
    at Module._compile (node:internal/modules/cjs/loader:1101:14)
    at Object.Module._extensions..js (node:internal/modules/cjs/loader:1153:10)
    at Module.load (node:internal/modules/cjs/loader:981:32)
    at Function.Module._load (node:internal/modules/cjs/loader:822:12)
    at Module.require (node:internal/modules/cjs/loader:1005:19)
2022-05-04T08:35:40.442Z [winston-test] error: uncaughtException: Cannot find module './env'
Require stack:
- C:\Users\황인호\Desktop\Military_BE\MilitaryBE\app.js
Error: Cannot find module './env'
Require stack:
- C:\Users\황인호\Desktop\Military_BE\MilitaryBE\app.js
    at Function.Module._resolveFilename (node:internal/modules/cjs/loader:933:15)
    at Function.Module._load (node:internal/modules/cjs/loader:778:27)
    at Module.require (node:internal/modules/cjs/loader:1005:19)
    at require (node:internal/modules/cjs/helpers:102:18)
    at Object.<anonymous> (C:\Users\황인호\Desktop\Military_BE\MilitaryBE\app.js:12:13)
    at Module._compile (node:internal/modules/cjs/loader:1101:14)
    at Object.Module._extensions..js (node:internal/modules/cjs/loader:1153:10)
    at Module.load (node:internal/modules/cjs/loader:981:32)
    at Function.Module._load (node:internal/modules/cjs/loader:822:12)
    at Function.executeUserEntryPoint [as runMain] (node:internal/modules/run_main:81:12)
2022-05-04T08:36:12.235Z [winston-test] error: uncaughtException: Cannot find module './env'
Require stack:
- C:\Users\황인호\Desktop\Military_BE\MilitaryBE\app.js
Error: Cannot find module './env'
Require stack:
- C:\Users\황인호\Desktop\Military_BE\MilitaryBE\app.js
    at Function.Module._resolveFilename (node:internal/modules/cjs/loader:933:15)
    at Function.Module._load (node:internal/modules/cjs/loader:778:27)
    at Module.require (node:internal/modules/cjs/loader:1005:19)
    at require (node:internal/modules/cjs/helpers:102:18)
    at Object.<anonymous> (C:\Users\황인호\Desktop\Military_BE\MilitaryBE\app.js:12:13)
    at Module._compile (node:internal/modules/cjs/loader:1101:14)
    at Object.Module._extensions..js (node:internal/modules/cjs/loader:1153:10)
    at Module.load (node:internal/modules/cjs/loader:981:32)
    at Function.Module._load (node:internal/modules/cjs/loader:822:12)
    at Function.executeUserEntryPoint [as runMain] (node:internal/modules/run_main:81:12)
2022-05-04T08:36:20.743Z [winston-test] error: uncaughtException: Cannot find module './env'
Require stack:
- C:\Users\황인호\Desktop\Military_BE\MilitaryBE\passport.js
- C:\Users\황인호\Desktop\Military_BE\MilitaryBE\app.js
Error: Cannot find module './env'
Require stack:
- C:\Users\황인호\Desktop\Military_BE\MilitaryBE\passport.js
- C:\Users\황인호\Desktop\Military_BE\MilitaryBE\app.js
    at Function.Module._resolveFilename (node:internal/modules/cjs/loader:933:15)
    at Function.Module._load (node:internal/modules/cjs/loader:778:27)
    at Module.require (node:internal/modules/cjs/loader:1005:19)
    at require (node:internal/modules/cjs/helpers:102:18)
    at Object.<anonymous> (C:\Users\황인호\Desktop\Military_BE\MilitaryBE\passport.js:5:13)
    at Module._compile (node:internal/modules/cjs/loader:1101:14)
    at Object.Module._extensions..js (node:internal/modules/cjs/loader:1153:10)
    at Module.load (node:internal/modules/cjs/loader:981:32)
    at Function.Module._load (node:internal/modules/cjs/loader:822:12)
    at Module.require (node:internal/modules/cjs/loader:1005:19)
2022-05-04T08:36:26.805Z [winston-test] error: uncaughtException: createServer is not defined
ReferenceError: createServer is not defined
    at Object.<anonymous> (C:\Users\황인호\Desktop\Military_BE\MilitaryBE\app.js:19:20)
    at Module._compile (node:internal/modules/cjs/loader:1101:14)
    at Object.Module._extensions..js (node:internal/modules/cjs/loader:1153:10)
    at Module.load (node:internal/modules/cjs/loader:981:32)
    at Function.Module._load (node:internal/modules/cjs/loader:822:12)
    at Function.executeUserEntryPoint [as runMain] (node:internal/modules/run_main:81:12)
    at node:internal/main/run_main_module:17:47
2022-05-04T08:36:33.580Z [winston-test] error: uncaughtException: Cannot find module './env'
Require stack:
- C:\Users\황인호\Desktop\Military_BE\MilitaryBE\passport.js
- C:\Users\황인호\Desktop\Military_BE\MilitaryBE\app.js
Error: Cannot find module './env'
Require stack:
- C:\Users\황인호\Desktop\Military_BE\MilitaryBE\passport.js
- C:\Users\황인호\Desktop\Military_BE\MilitaryBE\app.js
    at Function.Module._resolveFilename (node:internal/modules/cjs/loader:933:15)
    at Function.Module._load (node:internal/modules/cjs/loader:778:27)
    at Module.require (node:internal/modules/cjs/loader:1005:19)
    at require (node:internal/modules/cjs/helpers:102:18)
    at Object.<anonymous> (C:\Users\황인호\Desktop\Military_BE\MilitaryBE\passport.js:5:13)
    at Module._compile (node:internal/modules/cjs/loader:1101:14)
    at Object.Module._extensions..js (node:internal/modules/cjs/loader:1153:10)
    at Module.load (node:internal/modules/cjs/loader:981:32)
    at Function.Module._load (node:internal/modules/cjs/loader:822:12)
    at Module.require (node:internal/modules/cjs/loader:1005:19)
2022-05-04T08:37:53.423Z [winston-test] error: uncaughtException: Cannot find module './env'
Require stack:
- C:\Users\황인호\Desktop\Military_BE\MilitaryBE\passport.js
- C:\Users\황인호\Desktop\Military_BE\MilitaryBE\app.js
Error: Cannot find module './env'
Require stack:
- C:\Users\황인호\Desktop\Military_BE\MilitaryBE\passport.js
- C:\Users\황인호\Desktop\Military_BE\MilitaryBE\app.js
    at Function.Module._resolveFilename (node:internal/modules/cjs/loader:933:15)
    at Function.Module._load (node:internal/modules/cjs/loader:778:27)
    at Module.require (node:internal/modules/cjs/loader:1005:19)
    at require (node:internal/modules/cjs/helpers:102:18)
    at Object.<anonymous> (C:\Users\황인호\Desktop\Military_BE\MilitaryBE\passport.js:5:13)
    at Module._compile (node:internal/modules/cjs/loader:1101:14)
    at Object.Module._extensions..js (node:internal/modules/cjs/loader:1153:10)
    at Module.load (node:internal/modules/cjs/loader:981:32)
    at Function.Module._load (node:internal/modules/cjs/loader:822:12)
    at Module.require (node:internal/modules/cjs/loader:1005:19)
2022-05-04T08:41:56.412Z [winston-test] error: uncaughtException: Cannot find module './env'
Require stack:
- C:\Users\황인호\Desktop\Military_BE\MilitaryBE\passport.js
- C:\Users\황인호\Desktop\Military_BE\MilitaryBE\app.js
Error: Cannot find module './env'
Require stack:
- C:\Users\황인호\Desktop\Military_BE\MilitaryBE\passport.js
- C:\Users\황인호\Desktop\Military_BE\MilitaryBE\app.js
    at Function.Module._resolveFilename (node:internal/modules/cjs/loader:933:15)
    at Function.Module._load (node:internal/modules/cjs/loader:778:27)
    at Module.require (node:internal/modules/cjs/loader:1005:19)
    at require (node:internal/modules/cjs/helpers:102:18)
    at Object.<anonymous> (C:\Users\황인호\Desktop\Military_BE\MilitaryBE\passport.js:5:13)
    at Module._compile (node:internal/modules/cjs/loader:1101:14)
    at Object.Module._extensions..js (node:internal/modules/cjs/loader:1153:10)
    at Module.load (node:internal/modules/cjs/loader:981:32)
    at Function.Module._load (node:internal/modules/cjs/loader:822:12)
    at Module.require (node:internal/modules/cjs/loader:1005:19)
2022-05-04T08:42:08.618Z [winston-test] error: uncaughtException: app is not defined
ReferenceError: app is not defined
    at Object.<anonymous> (C:\Users\황인호\Desktop\Military_BE\MilitaryBE\app.js:94:1)
    at Module._compile (node:internal/modules/cjs/loader:1101:14)
    at Object.Module._extensions..js (node:internal/modules/cjs/loader:1153:10)
    at Module.load (node:internal/modules/cjs/loader:981:32)
    at Function.Module._load (node:internal/modules/cjs/loader:822:12)
    at Function.executeUserEntryPoint [as runMain] (node:internal/modules/run_main:81:12)
    at node:internal/main/run_main_module:17:47
2022-05-04T08:42:10.575Z [winston-test] error: uncaughtException: app is not defined
ReferenceError: app is not defined
    at Object.<anonymous> (C:\Users\황인호\Desktop\Military_BE\MilitaryBE\app.js:94:1)
    at Module._compile (node:internal/modules/cjs/loader:1101:14)
    at Object.Module._extensions..js (node:internal/modules/cjs/loader:1153:10)
    at Module.load (node:internal/modules/cjs/loader:981:32)
    at Function.Module._load (node:internal/modules/cjs/loader:822:12)
    at Function.executeUserEntryPoint [as runMain] (node:internal/modules/run_main:81:12)
    at node:internal/main/run_main_module:17:47
2022-05-04T08:42:27.404Z [winston-test] info: 3000 포트로 서버가 켜졌어요!
2022-05-04T08:42:31.801Z [winston-test] error: uncaughtException: Cannot find module './env'
Require stack:
- C:\Users\황인호\Desktop\Military_BE\MilitaryBE\passport.js
- C:\Users\황인호\Desktop\Military_BE\MilitaryBE\app.js
Error: Cannot find module './env'
Require stack:
- C:\Users\황인호\Desktop\Military_BE\MilitaryBE\passport.js
- C:\Users\황인호\Desktop\Military_BE\MilitaryBE\app.js
    at Function.Module._resolveFilename (node:internal/modules/cjs/loader:933:15)
    at Function.Module._load (node:internal/modules/cjs/loader:778:27)
    at Module.require (node:internal/modules/cjs/loader:1005:19)
    at require (node:internal/modules/cjs/helpers:102:18)
    at Object.<anonymous> (C:\Users\황인호\Desktop\Military_BE\MilitaryBE\passport.js:5:13)
    at Module._compile (node:internal/modules/cjs/loader:1101:14)
    at Object.Module._extensions..js (node:internal/modules/cjs/loader:1153:10)
    at Module.load (node:internal/modules/cjs/loader:981:32)
    at Function.Module._load (node:internal/modules/cjs/loader:822:12)
    at Module.require (node:internal/modules/cjs/loader:1005:19)
2022-05-04T08:42:35.725Z [winston-test] info: 3000 포트로 서버가 켜졌어요!
2022-05-04T08:48:41.411Z [winston-test] info: 3000 포트로 서버가 켜졌어요!
2022-05-04T08:49:55.173Z [winston-test] info: 3000 포트로 서버가 켜졌어요!
2022-05-04T08:50:53.890Z [winston-test] info: 3000 포트로 서버가 켜졌어요!
2022-05-04T08:52:36.020Z [winston-test] error: uncaughtException: Unexpected token '{'
C:\Users\황인호\Desktop\Military_BE\MilitaryBE\controllers\mypage.js:66
        await Challenge.update({}.{
                                  ^

SyntaxError: Unexpected token '{'
    at Object.compileFunction (node:vm:352:18)
    at wrapSafe (node:internal/modules/cjs/loader:1031:15)
    at Module._compile (node:internal/modules/cjs/loader:1065:27)
    at Object.Module._extensions..js (node:internal/modules/cjs/loader:1153:10)
    at Module.load (node:internal/modules/cjs/loader:981:32)
    at Function.Module._load (node:internal/modules/cjs/loader:822:12)
    at Module.require (node:internal/modules/cjs/loader:1005:19)
    at require (node:internal/modules/cjs/helpers:102:18)
    at Object.<anonymous> (C:\Users\황인호\Desktop\Military_BE\MilitaryBE\routers\mypage.js:9:5)
    at Module._compile (node:internal/modules/cjs/loader:1101:14)
2022-05-04T08:52:57.414Z [winston-test] info: 3000 포트로 서버가 켜졌어요!
2022-05-04T08:53:36.536Z [winston-test] info: 3000 포트로 서버가 켜졌어요!
2022-05-04T08:54:25.043Z [winston-test] info: 3000 포트로 서버가 켜졌어요!
2022-05-04T08:57:05.832Z [winston-test] info: 3000 포트로 서버가 켜졌어요!
2022-05-04T08:57:28.329Z [winston-test] info: 3000 포트로 서버가 켜졌어요!
2022-05-04T08:58:18.550Z [winston-test] info: 3000 포트로 서버가 켜졌어요!
2022-05-04T08:59:35.973Z [winston-test] info: 3000 포트로 서버가 켜졌어요!
2022-05-04T08:59:55.827Z [winston-test] info: 3000 포트로 서버가 켜졌어요!
2022-05-04T09:00:17.821Z [winston-test] info: 3000 포트로 서버가 켜졌어요!
2022-05-04T09:00:29.199Z [winston-test] info: 3000 포트로 서버가 켜졌어요!
2022-05-04T09:01:31.054Z [winston-test] info: 3000 포트로 서버가 켜졌어요!
2022-05-04T09:02:13.919Z [winston-test] info: 3000 포트로 서버가 켜졌어요!
2022-05-04T09:02:19.359Z [winston-test] info: 3000 포트로 서버가 켜졌어요!
2022-05-04T09:02:32.296Z [winston-test] info: 3000 포트로 서버가 켜졌어요!
2022-05-04T09:03:16.649Z [winston-test] info: 3000 포트로 서버가 켜졌어요!
2022-05-04T09:03:26.271Z [winston-test] info: 3000 포트로 서버가 켜졌어요!
2022-05-04T11:41:23.634Z [winston-test] error: uncaughtException: Cannot find module 'passport'
Require stack:
- /Users/jungdaekyu/Desktop/MilitaryBE/controllers/passportAuth.js
- /Users/jungdaekyu/Desktop/MilitaryBE/routers/auth.js
- /Users/jungdaekyu/Desktop/MilitaryBE/app.js
Error: Cannot find module 'passport'
Require stack:
- /Users/jungdaekyu/Desktop/MilitaryBE/controllers/passportAuth.js
- /Users/jungdaekyu/Desktop/MilitaryBE/routers/auth.js
- /Users/jungdaekyu/Desktop/MilitaryBE/app.js
    at Function.Module._resolveFilename (node:internal/modules/cjs/loader:933:15)
    at Function.Module._load (node:internal/modules/cjs/loader:778:27)
    at Module.require (node:internal/modules/cjs/loader:1005:19)
    at require (node:internal/modules/cjs/helpers:102:18)
    at Object.<anonymous> (/Users/jungdaekyu/Desktop/MilitaryBE/controllers/passportAuth.js:1:18)
    at Module._compile (node:internal/modules/cjs/loader:1103:14)
    at Object.Module._extensions..js (node:internal/modules/cjs/loader:1155:10)
    at Module.load (node:internal/modules/cjs/loader:981:32)
    at Function.Module._load (node:internal/modules/cjs/loader:822:12)
    at Module.require (node:internal/modules/cjs/loader:1005:19)
2022-05-04T11:41:44.966Z [winston-test] info: 3000 포트로 서버가 켜졌어요!
2022-05-04T11:41:55.076Z [winston-test] error: uncaughtException: Cannot read properties of null (reading 'userPw')
TypeError: Cannot read properties of null (reading 'userPw')
    at login (/Users/jungdaekyu/Desktop/MilitaryBE/controllers/user.js:84:58)
    at processTicksAndRejections (node:internal/process/task_queues:96:5)
2022-05-04T11:43:16.233Z [winston-test] info: 3000 포트로 서버가 켜졌어요!
2022-05-04T11:43:19.937Z [winston-test] error: uncaughtException: Cannot read properties of null (reading 'userPw')
TypeError: Cannot read properties of null (reading 'userPw')
    at login (/Users/jungdaekyu/Desktop/MilitaryBE/controllers/user.js:84:58)
    at processTicksAndRejections (node:internal/process/task_queues:96:5)
2022-05-04T11:44:23.210Z [winston-test] info: 3000 포트로 서버가 켜졌어요!
2022-05-04T11:44:27.230Z [winston-test] error: uncaughtException: Cannot set headers after they are sent to the client
Error [ERR_HTTP_HEADERS_SENT]: Cannot set headers after they are sent to the client
    at new NodeError (node:internal/errors:371:5)
    at ServerResponse.setHeader (node:_http_outgoing:576:11)
    at ServerResponse.header (/Users/jungdaekyu/Desktop/MilitaryBE/node_modules/express/lib/response.js:776:10)
    at ServerResponse.send (/Users/jungdaekyu/Desktop/MilitaryBE/node_modules/express/lib/response.js:170:12)
    at ServerResponse.json (/Users/jungdaekyu/Desktop/MilitaryBE/node_modules/express/lib/response.js:267:15)
    at login (/Users/jungdaekyu/Desktop/MilitaryBE/controllers/user.js:105:7)
    at processTicksAndRejections (node:internal/process/task_queues:96:5)
2022-05-04T11:45:10.955Z [winston-test] info: 3000 포트로 서버가 켜졌어요!
2022-05-04T11:45:14.454Z [winston-test] error: uncaughtException: Cannot set headers after they are sent to the client
Error [ERR_HTTP_HEADERS_SENT]: Cannot set headers after they are sent to the client
    at new NodeError (node:internal/errors:371:5)
    at ServerResponse.setHeader (node:_http_outgoing:576:11)
    at ServerResponse.header (/Users/jungdaekyu/Desktop/MilitaryBE/node_modules/express/lib/response.js:776:10)
    at ServerResponse.send (/Users/jungdaekyu/Desktop/MilitaryBE/node_modules/express/lib/response.js:170:12)
    at ServerResponse.json (/Users/jungdaekyu/Desktop/MilitaryBE/node_modules/express/lib/response.js:267:15)
    at login (/Users/jungdaekyu/Desktop/MilitaryBE/controllers/user.js:105:7)
    at processTicksAndRejections (node:internal/process/task_queues:96:5)
2022-05-04T11:47:37.148Z [winston-test] info: 3000 포트로 서버가 켜졌어요!
2022-05-04T11:47:40.628Z [winston-test] error: uncaughtException: Cannot set headers after they are sent to the client
Error [ERR_HTTP_HEADERS_SENT]: Cannot set headers after they are sent to the client
    at new NodeError (node:internal/errors:371:5)
    at ServerResponse.setHeader (node:_http_outgoing:576:11)
    at ServerResponse.header (/Users/jungdaekyu/Desktop/MilitaryBE/node_modules/express/lib/response.js:776:10)
    at ServerResponse.send (/Users/jungdaekyu/Desktop/MilitaryBE/node_modules/express/lib/response.js:170:12)
    at ServerResponse.json (/Users/jungdaekyu/Desktop/MilitaryBE/node_modules/express/lib/response.js:267:15)
    at login (/Users/jungdaekyu/Desktop/MilitaryBE/controllers/user.js:106:7)
    at processTicksAndRejections (node:internal/process/task_queues:96:5)
2022-05-04T11:48:32.061Z [winston-test] info: 3000 포트로 서버가 켜졌어요!
2022-05-04T11:48:35.890Z [winston-test] error: uncaughtException: Cannot set headers after they are sent to the client
Error [ERR_HTTP_HEADERS_SENT]: Cannot set headers after they are sent to the client
    at new NodeError (node:internal/errors:371:5)
    at ServerResponse.setHeader (node:_http_outgoing:576:11)
    at ServerResponse.header (/Users/jungdaekyu/Desktop/MilitaryBE/node_modules/express/lib/response.js:776:10)
    at ServerResponse.send (/Users/jungdaekyu/Desktop/MilitaryBE/node_modules/express/lib/response.js:170:12)
    at ServerResponse.json (/Users/jungdaekyu/Desktop/MilitaryBE/node_modules/express/lib/response.js:267:15)
    at login (/Users/jungdaekyu/Desktop/MilitaryBE/controllers/user.js:106:7)
    at processTicksAndRejections (node:internal/process/task_queues:96:5)
2022-05-04T11:50:00.986Z [winston-test] info: 3000 포트로 서버가 켜졌어요!
2022-05-04T11:50:04.092Z [winston-test] error: uncaughtException: data and hash arguments required
Error: data and hash arguments required
    at Object.compareSync (/Users/jungdaekyu/Desktop/MilitaryBE/node_modules/bcrypt/bcrypt.js:166:15)
    at login (/Users/jungdaekyu/Desktop/MilitaryBE/controllers/user.js:84:33)
    at processTicksAndRejections (node:internal/process/task_queues:96:5)
2022-05-04T11:51:33.837Z [winston-test] info: 3000 포트로 서버가 켜졌어요!
2022-05-04T11:51:37.233Z [winston-test] error: uncaughtException: Cannot read properties of null (reading 'userPw')
TypeError: Cannot read properties of null (reading 'userPw')
    at login (/Users/jungdaekyu/Desktop/MilitaryBE/controllers/user.js:84:58)
    at processTicksAndRejections (node:internal/process/task_queues:96:5)
2022-05-04T11:53:46.082Z [winston-test] info: 3000 포트로 서버가 켜졌어요!
2022-05-04T11:53:49.743Z [winston-test] error: uncaughtException: Cannot set headers after they are sent to the client
Error [ERR_HTTP_HEADERS_SENT]: Cannot set headers after they are sent to the client
    at new NodeError (node:internal/errors:371:5)
    at ServerResponse.setHeader (node:_http_outgoing:576:11)
    at ServerResponse.header (/Users/jungdaekyu/Desktop/MilitaryBE/node_modules/express/lib/response.js:776:10)
    at ServerResponse.send (/Users/jungdaekyu/Desktop/MilitaryBE/node_modules/express/lib/response.js:170:12)
    at ServerResponse.json (/Users/jungdaekyu/Desktop/MilitaryBE/node_modules/express/lib/response.js:267:15)
    at login (/Users/jungdaekyu/Desktop/MilitaryBE/controllers/user.js:106:7)
    at processTicksAndRejections (node:internal/process/task_queues:96:5)
2022-05-04T11:55:03.268Z [winston-test] info: 3000 포트로 서버가 켜졌어요!
2022-05-04T11:55:09.241Z [winston-test] error: uncaughtException: Cannot read properties of null (reading 'userPw')
TypeError: Cannot read properties of null (reading 'userPw')
    at login (/Users/jungdaekyu/Desktop/MilitaryBE/controllers/user.js:84:58)
    at processTicksAndRejections (node:internal/process/task_queues:96:5)
2022-05-04T11:56:27.133Z [winston-test] info: 3000 포트로 서버가 켜졌어요!
2022-05-04T11:56:30.291Z [winston-test] error: uncaughtException: Cannot set headers after they are sent to the client
Error [ERR_HTTP_HEADERS_SENT]: Cannot set headers after they are sent to the client
    at new NodeError (node:internal/errors:371:5)
    at ServerResponse.setHeader (node:_http_outgoing:576:11)
    at ServerResponse.header (/Users/jungdaekyu/Desktop/MilitaryBE/node_modules/express/lib/response.js:776:10)
    at ServerResponse.send (/Users/jungdaekyu/Desktop/MilitaryBE/node_modules/express/lib/response.js:170:12)
    at ServerResponse.json (/Users/jungdaekyu/Desktop/MilitaryBE/node_modules/express/lib/response.js:267:15)
    at login (/Users/jungdaekyu/Desktop/MilitaryBE/controllers/user.js:106:7)
    at processTicksAndRejections (node:internal/process/task_queues:96:5)
2022-05-04T11:58:07.004Z [winston-test] info: 3000 포트로 서버가 켜졌어요!
2022-05-04T11:58:10.627Z [winston-test] error: uncaughtException: Cannot set headers after they are sent to the client
Error [ERR_HTTP_HEADERS_SENT]: Cannot set headers after they are sent to the client
    at new NodeError (node:internal/errors:371:5)
    at ServerResponse.setHeader (node:_http_outgoing:576:11)
    at ServerResponse.header (/Users/jungdaekyu/Desktop/MilitaryBE/node_modules/express/lib/response.js:776:10)
    at ServerResponse.send (/Users/jungdaekyu/Desktop/MilitaryBE/node_modules/express/lib/response.js:170:12)
    at ServerResponse.json (/Users/jungdaekyu/Desktop/MilitaryBE/node_modules/express/lib/response.js:267:15)
    at login (/Users/jungdaekyu/Desktop/MilitaryBE/controllers/user.js:106:7)
    at processTicksAndRejections (node:internal/process/task_queues:96:5)
2022-05-04T12:06:28.213Z [winston-test] info: 3000 포트로 서버가 켜졌어요!
2022-05-04T12:06:32.077Z [winston-test] error: uncaughtException: Cannot set headers after they are sent to the client
Error [ERR_HTTP_HEADERS_SENT]: Cannot set headers after they are sent to the client
    at new NodeError (node:internal/errors:371:5)
    at ServerResponse.setHeader (node:_http_outgoing:576:11)
    at ServerResponse.header (/Users/jungdaekyu/Desktop/MilitaryBE/node_modules/express/lib/response.js:776:10)
    at ServerResponse.send (/Users/jungdaekyu/Desktop/MilitaryBE/node_modules/express/lib/response.js:170:12)
    at ServerResponse.json (/Users/jungdaekyu/Desktop/MilitaryBE/node_modules/express/lib/response.js:267:15)
    at login (/Users/jungdaekyu/Desktop/MilitaryBE/controllers/user.js:106:7)
    at processTicksAndRejections (node:internal/process/task_queues:96:5)
2022-05-04T12:07:28.329Z [winston-test] info: 3000 포트로 서버가 켜졌어요!
2022-05-04T12:10:37.004Z [winston-test] info: 3000 포트로 서버가 켜졌어요!
2022-05-04T12:11:15.967Z [winston-test] info: 3000 포트로 서버가 켜졌어요!
2022-05-04T12:11:54.442Z [winston-test] info: 3000 포트로 서버가 켜졌어요!
2022-05-04T12:25:47.350Z [winston-test] info: 3000 포트로 서버가 켜졌어요!
2022-05-04T13:11:10.538Z [winston-test] info: 3000 포트로 서버가 켜졌어요!
2022-05-04T13:13:34.793Z [winston-test] info: 3000 포트로 서버가 켜졌어요!
2022-05-04T13:58:06.492Z [winston-test] info: 3000 포트로 서버가 켜졌어요!
2022-05-05T02:07:12.664Z [winston-test] info: 3000 포트로 서버가 켜졌어요!
2022-05-05T02:10:10.603Z [winston-test] info: 3000 포트로 서버가 켜졌어요!
2022-05-05T02:11:03.753Z [winston-test] info: 3000 포트로 서버가 켜졌어요!
2022-05-05T02:12:08.598Z [winston-test] info: 3000 포트로 서버가 켜졌어요!
2022-05-05T02:13:42.022Z [winston-test] info: 3000 포트로 서버가 켜졌어요!
2022-05-05T02:13:57.759Z [winston-test] info: 3000 포트로 서버가 켜졌어요!
2022-05-05T02:14:38.152Z [winston-test] info: 3000 포트로 서버가 켜졌어요!
2022-05-05T02:15:52.148Z [winston-test] info: 3000 포트로 서버가 켜졌어요!
2022-05-05T02:17:11.434Z [winston-test] info: 3000 포트로 서버가 켜졌어요!
2022-05-05T02:18:55.569Z [winston-test] info: 3000 포트로 서버가 켜졌어요!
2022-05-05T02:23:30.420Z [winston-test] info: 3000 포트로 서버가 켜졌어요!
2022-05-05T02:23:58.655Z [winston-test] info: 3000 포트로 서버가 켜졌어요!
2022-05-05T02:24:16.997Z [winston-test] info: 3000 포트로 서버가 켜졌어요!
2022-05-05T02:24:49.191Z [winston-test] info: 3000 포트로 서버가 켜졌어요!
2022-05-05T02:24:54.159Z [winston-test] error: uncaughtException: Cannot read properties of undefined (reading 'dataValues')
TypeError: Cannot read properties of undefined (reading 'dataValues')
    at userChallenge (/Users/jasonkim/Documents/GitHub/MilitaryBE/controllers/main.js:21:48)
    at processTicksAndRejections (node:internal/process/task_queues:96:5)
2022-05-05T02:25:04.056Z [winston-test] info: 3000 포트로 서버가 켜졌어요!
2022-05-05T02:25:30.701Z [winston-test] info: 3000 포트로 서버가 켜졌어요!
2022-05-05T02:25:51.227Z [winston-test] info: 3000 포트로 서버가 켜졌어요!
2022-05-05T02:27:01.639Z [winston-test] info: 3000 포트로 서버가 켜졌어요!
2022-05-05T02:27:33.750Z [winston-test] info: 3000 포트로 서버가 켜졌어요!
2022-05-05T02:27:37.936Z [winston-test] error: uncaughtException: Cannot read properties of undefined (reading 'dataValues')
TypeError: Cannot read properties of undefined (reading 'dataValues')
    at userChallenge (/Users/jasonkim/Documents/GitHub/MilitaryBE/controllers/main.js:24:25)
    at processTicksAndRejections (node:internal/process/task_queues:96:5)
2022-05-05T02:28:23.975Z [winston-test] info: 3000 포트로 서버가 켜졌어요!
2022-05-05T02:28:35.903Z [winston-test] info: 3000 포트로 서버가 켜졌어요!
2022-05-05T02:30:04.063Z [winston-test] info: 3000 포트로 서버가 켜졌어요!
2022-05-05T02:30:22.099Z [winston-test] info: 3000 포트로 서버가 켜졌어요!
2022-05-05T02:31:40.480Z [winston-test] info: 3000 포트로 서버가 켜졌어요!
2022-05-05T02:31:47.693Z [winston-test] error: uncaughtException: Cannot read properties of undefined (reading 'challengeProgress')
TypeError: Cannot read properties of undefined (reading 'challengeProgress')
    at userChallenge (/Users/jasonkim/Documents/GitHub/MilitaryBE/controllers/main.js:17:30)
    at Layer.handle [as handle_request] (/Users/jasonkim/Documents/GitHub/MilitaryBE/node_modules/express/lib/router/layer.js:95:5)
    at next (/Users/jasonkim/Documents/GitHub/MilitaryBE/node_modules/express/lib/router/route.js:137:13)
    at /Users/jasonkim/Documents/GitHub/MilitaryBE/middleware/authMiddleWare.js:18:7
    at processTicksAndRejections (node:internal/process/task_queues:96:5)
2022-05-05T02:32:07.044Z [winston-test] info: 3000 포트로 서버가 켜졌어요!
2022-05-05T02:33:01.538Z [winston-test] info: 3000 포트로 서버가 켜졌어요!
2022-05-05T03:02:42.208Z [winston-test] info: 3000 포트로 서버가 켜졌어요!
2022-05-05T03:03:23.635Z [winston-test] info: 3000 포트로 서버가 켜졌어요!
2022-05-05T03:04:08.920Z [winston-test] info: 3000 포트로 서버가 켜졌어요!
2022-05-05T03:04:49.072Z [winston-test] info: 3000 포트로 서버가 켜졌어요!
2022-05-05T03:17:03.397Z [winston-test] info: 3000 포트로 서버가 켜졌어요!
2022-05-05T03:23:21.263Z [winston-test] info: 3000 포트로 서버가 켜졌어요!
2022-05-05T03:23:25.257Z [winston-test] error: uncaughtException: Invalid value { userId: 'test999' }
Error: Invalid value { userId: 'test999' }
    at Object.escape (/Users/jasonkim/Documents/GitHub/MilitaryBE/node_modules/sequelize/lib/sql-string.js:52:11)
    at MySQLQueryGenerator.escape (/Users/jasonkim/Documents/GitHub/MilitaryBE/node_modules/sequelize/lib/dialects/abstract/query-generator.js:709:22)
    at /Users/jasonkim/Documents/GitHub/MilitaryBE/node_modules/sequelize/lib/dialects/abstract/query-generator.js:1905:71
    at Array.map (<anonymous>)
    at MySQLQueryGenerator._whereParseSingleValueObject (/Users/jasonkim/Documents/GitHub/MilitaryBE/node_modules/sequelize/lib/dialects/abstract/query-generator.js:1905:52)
    at MySQLQueryGenerator.whereItemQuery (/Users/jasonkim/Documents/GitHub/MilitaryBE/node_modules/sequelize/lib/dialects/abstract/query-generator.js:1721:19)
    at /Users/jasonkim/Documents/GitHub/MilitaryBE/node_modules/sequelize/lib/dialects/abstract/query-generator.js:1646:25
    at Array.forEach (<anonymous>)
    at MySQLQueryGenerator.whereItemsQuery (/Users/jasonkim/Documents/GitHub/MilitaryBE/node_modules/sequelize/lib/dialects/abstract/query-generator.js:1644:35)
    at MySQLQueryGenerator.getWhereConditions (/Users/jasonkim/Documents/GitHub/MilitaryBE/node_modules/sequelize/lib/dialects/abstract/query-generator.js:1987:19)
2022-05-05T03:26:51.758Z [winston-test] info: 3000 포트로 서버가 켜졌어요!
2022-05-05T03:29:10.343Z [winston-test] info: 3000 포트로 서버가 켜졌어요!
2022-05-05T03:30:11.360Z [winston-test] info: 3000 포트로 서버가 켜졌어요!
2022-05-05T03:30:15.116Z [winston-test] error: uncaughtException: Invalid status code: 53
RangeError [ERR_HTTP_INVALID_STATUS_CODE]: Invalid status code: 53
    at new NodeError (node:internal/errors:371:5)
    at ServerResponse.writeHead (node:_http_server:274:11)
    at ServerResponse.writeHead (/Users/jasonkim/Documents/GitHub/MilitaryBE/node_modules/on-headers/index.js:44:26)
    at ServerResponse._implicitHeader (node:_http_server:265:8)
    at write_ (node:_http_outgoing:766:9)
    at ServerResponse.end (node:_http_outgoing:855:5)
    at ServerResponse.send (/Users/jasonkim/Documents/GitHub/MilitaryBE/node_modules/express/lib/response.js:221:10)
    at ServerResponse.json (/Users/jasonkim/Documents/GitHub/MilitaryBE/node_modules/express/lib/response.js:267:15)
    at userChallenge (/Users/jasonkim/Documents/GitHub/MilitaryBE/controllers/main.js:32:26)
    at processTicksAndRejections (node:internal/process/task_queues:96:5)
2022-05-05T03:30:43.523Z [winston-test] info: 3000 포트로 서버가 켜졌어요!
2022-05-05T03:34:01.983Z [winston-test] info: 3000 포트로 서버가 켜졌어요!
2022-05-05T06:15:54.479Z [winston-test] info: 3000 포트로 서버가 켜졌어요!
2022-05-05T06:18:31.688Z [winston-test] info: 3000 포트로 서버가 켜졌어요!
2022-05-05T06:20:37.148Z [winston-test] info: 3000 포트로 서버가 켜졌어요!
2022-05-05T06:21:11.599Z [winston-test] info: 3000 포트로 서버가 켜졌어요!
2022-05-05T06:21:49.629Z [winston-test] info: 3000 포트로 서버가 켜졌어요!
2022-05-05T06:42:10.247Z [winston-test] info: 3000 포트로 서버가 켜졌어요!
2022-05-05T08:09:49.486Z [winston-test] info: 3000 포트로 서버가 켜졌어요!
2022-05-05T08:22:10.931Z [winston-test] info: 3000 포트로 서버가 켜졌어요!
2022-05-05T08:25:03.219Z [winston-test] info: 3000 포트로 서버가 켜졌어요!
2022-05-05T08:25:15.807Z [winston-test] info: 3000 포트로 서버가 켜졌어요!
2022-05-05T08:26:36.837Z [winston-test] info: 3000 포트로 서버가 켜졌어요!
2022-05-05T08:27:23.435Z [winston-test] info: 3000 포트로 서버가 켜졌어요!
2022-05-05T08:28:33.366Z [winston-test] info: 3000 포트로 서버가 켜졌어요!
2022-05-05T08:30:18.811Z [winston-test] error: uncaughtException: Cannot find module 'request-promise'
Require stack:
- /Users/jungdaekyu/Desktop/MilitaryBE/controllers/kakao.js
- /Users/jungdaekyu/Desktop/MilitaryBE/routers/kakaoLogin.js
- /Users/jungdaekyu/Desktop/MilitaryBE/app.js
Error: Cannot find module 'request-promise'
Require stack:
- /Users/jungdaekyu/Desktop/MilitaryBE/controllers/kakao.js
- /Users/jungdaekyu/Desktop/MilitaryBE/routers/kakaoLogin.js
- /Users/jungdaekyu/Desktop/MilitaryBE/app.js
    at Function.Module._resolveFilename (node:internal/modules/cjs/loader:933:15)
    at Function.Module._load (node:internal/modules/cjs/loader:778:27)
    at Module.require (node:internal/modules/cjs/loader:1005:19)
    at require (node:internal/modules/cjs/helpers:102:18)
    at Object.<anonymous> (/Users/jungdaekyu/Desktop/MilitaryBE/controllers/kakao.js:2:12)
    at Module._compile (node:internal/modules/cjs/loader:1103:14)
    at Object.Module._extensions..js (node:internal/modules/cjs/loader:1155:10)
    at Module.load (node:internal/modules/cjs/loader:981:32)
    at Function.Module._load (node:internal/modules/cjs/loader:822:12)
    at Module.require (node:internal/modules/cjs/loader:1005:19)
2022-05-05T08:30:44.146Z [winston-test] error: uncaughtException: Router.use() requires a middleware function but got a Object
TypeError: Router.use() requires a middleware function but got a Object
    at Function.use (/Users/jungdaekyu/Desktop/MilitaryBE/node_modules/express/lib/router/index.js:464:13)
    at Function.<anonymous> (/Users/jungdaekyu/Desktop/MilitaryBE/node_modules/express/lib/application.js:220:21)
    at Array.forEach (<anonymous>)
    at Function.use (/Users/jungdaekyu/Desktop/MilitaryBE/node_modules/express/lib/application.js:217:7)
    at Object.<anonymous> (/Users/jungdaekyu/Desktop/MilitaryBE/app.js:110:5)
    at Module._compile (node:internal/modules/cjs/loader:1103:14)
    at Object.Module._extensions..js (node:internal/modules/cjs/loader:1155:10)
    at Module.load (node:internal/modules/cjs/loader:981:32)
    at Function.Module._load (node:internal/modules/cjs/loader:822:12)
    at Function.executeUserEntryPoint [as runMain] (node:internal/modules/run_main:77:12)
    at node:internal/main/run_main_module:17:47
2022-05-05T08:36:54.761Z [winston-test] error: uncaughtException: Router.use() requires a middleware function but got a Object
TypeError: Router.use() requires a middleware function but got a Object
    at Function.use (/Users/jungdaekyu/Desktop/MilitaryBE/node_modules/express/lib/router/index.js:464:13)
    at Function.<anonymous> (/Users/jungdaekyu/Desktop/MilitaryBE/node_modules/express/lib/application.js:220:21)
    at Array.forEach (<anonymous>)
    at Function.use (/Users/jungdaekyu/Desktop/MilitaryBE/node_modules/express/lib/application.js:217:7)
    at Object.<anonymous> (/Users/jungdaekyu/Desktop/MilitaryBE/app.js:110:5)
    at Module._compile (node:internal/modules/cjs/loader:1103:14)
    at Object.Module._extensions..js (node:internal/modules/cjs/loader:1155:10)
    at Module.load (node:internal/modules/cjs/loader:981:32)
    at Function.Module._load (node:internal/modules/cjs/loader:822:12)
    at Function.executeUserEntryPoint [as runMain] (node:internal/modules/run_main:77:12)
    at node:internal/main/run_main_module:17:47
2022-05-05T08:37:47.696Z [winston-test] error: uncaughtException: Router.use() requires a middleware function but got a Object
TypeError: Router.use() requires a middleware function but got a Object
    at Function.use (/Users/jungdaekyu/Desktop/MilitaryBE/node_modules/express/lib/router/index.js:464:13)
    at Function.<anonymous> (/Users/jungdaekyu/Desktop/MilitaryBE/node_modules/express/lib/application.js:220:21)
    at Array.forEach (<anonymous>)
    at Function.use (/Users/jungdaekyu/Desktop/MilitaryBE/node_modules/express/lib/application.js:217:7)
    at Object.<anonymous> (/Users/jungdaekyu/Desktop/MilitaryBE/app.js:110:5)
    at Module._compile (node:internal/modules/cjs/loader:1103:14)
    at Object.Module._extensions..js (node:internal/modules/cjs/loader:1155:10)
    at Module.load (node:internal/modules/cjs/loader:981:32)
    at Function.Module._load (node:internal/modules/cjs/loader:822:12)
    at Function.executeUserEntryPoint [as runMain] (node:internal/modules/run_main:77:12)
    at node:internal/main/run_main_module:17:47
2022-05-05T08:44:10.704Z [winston-test] info: 3000 포트로 서버가 켜졌어요!
2022-05-05T08:44:36.683Z [winston-test] info: 3000 포트로 서버가 켜졌어요!
2022-05-05T08:45:22.117Z [winston-test] error: uncaughtException: Router.use() requires a middleware function but got a Object
TypeError: Router.use() requires a middleware function but got a Object
    at Function.use (/Users/jungdaekyu/Desktop/MilitaryBE/node_modules/express/lib/router/index.js:464:13)
    at Function.<anonymous> (/Users/jungdaekyu/Desktop/MilitaryBE/node_modules/express/lib/application.js:220:21)
    at Array.forEach (<anonymous>)
    at Function.use (/Users/jungdaekyu/Desktop/MilitaryBE/node_modules/express/lib/application.js:217:7)
    at Object.<anonymous> (/Users/jungdaekyu/Desktop/MilitaryBE/app.js:110:5)
    at Module._compile (node:internal/modules/cjs/loader:1103:14)
    at Object.Module._extensions..js (node:internal/modules/cjs/loader:1155:10)
    at Module.load (node:internal/modules/cjs/loader:981:32)
    at Function.Module._load (node:internal/modules/cjs/loader:822:12)
    at Function.executeUserEntryPoint [as runMain] (node:internal/modules/run_main:77:12)
    at node:internal/main/run_main_module:17:47
2022-05-05T08:46:28.518Z [winston-test] info: 3000 포트로 서버가 켜졌어요!
2022-05-05T08:48:10.233Z [winston-test] info: 3000 포트로 서버가 켜졌어요!
2022-05-05T08:48:24.635Z [winston-test] info: 3000 포트로 서버가 켜졌어요!
2022-05-05T08:49:05.576Z [winston-test] info: 3000 포트로 서버가 켜졌어요!
2022-05-05T08:49:27.711Z [winston-test] info: 3000 포트로 서버가 켜졌어요!
2022-05-05T08:50:15.839Z [winston-test] info: 3000 포트로 서버가 켜졌어요!
2022-05-05T08:54:01.727Z [winston-test] info: 3000 포트로 서버가 켜졌어요!
2022-05-05T08:56:12.131Z [winston-test] error: uncaughtException: 400 - {"error":"invalid_request","error_description":"An authorization code must be supplied.","error_code":"KOE320"}
StatusCodeError: 400 - {"error":"invalid_request","error_description":"An authorization code must be supplied.","error_code":"KOE320"}
    at new StatusCodeError (/Users/jungdaekyu/Desktop/MilitaryBE/node_modules/request-promise-core/lib/errors.js:32:15)
    at Request.plumbing.callback (/Users/jungdaekyu/Desktop/MilitaryBE/node_modules/request-promise-core/lib/plumbing.js:104:33)
    at Request.RP$callback [as _callback] (/Users/jungdaekyu/Desktop/MilitaryBE/node_modules/request-promise-core/lib/plumbing.js:46:31)
    at Request.self.callback (/Users/jungdaekyu/Desktop/MilitaryBE/node_modules/request/request.js:185:22)
    at Request.emit (node:events:520:28)
    at Request.<anonymous> (/Users/jungdaekyu/Desktop/MilitaryBE/node_modules/request/request.js:1154:10)
    at Request.emit (node:events:520:28)
    at IncomingMessage.<anonymous> (/Users/jungdaekyu/Desktop/MilitaryBE/node_modules/request/request.js:1076:12)
    at Object.onceWrapper (node:events:639:28)
    at IncomingMessage.emit (node:events:532:35)
    at endReadableNT (node:internal/streams/readable:1346:12)
    at processTicksAndRejections (node:internal/process/task_queues:83:21)
2022-05-05T08:56:21.700Z [winston-test] info: 3000 포트로 서버가 켜졌어요!
2022-05-05T08:56:24.168Z [winston-test] error: uncaughtException: 400 - {"error":"invalid_request","error_description":"An authorization code must be supplied.","error_code":"KOE320"}
StatusCodeError: 400 - {"error":"invalid_request","error_description":"An authorization code must be supplied.","error_code":"KOE320"}
    at new StatusCodeError (/Users/jungdaekyu/Desktop/MilitaryBE/node_modules/request-promise-core/lib/errors.js:32:15)
    at Request.plumbing.callback (/Users/jungdaekyu/Desktop/MilitaryBE/node_modules/request-promise-core/lib/plumbing.js:104:33)
    at Request.RP$callback [as _callback] (/Users/jungdaekyu/Desktop/MilitaryBE/node_modules/request-promise-core/lib/plumbing.js:46:31)
    at Request.self.callback (/Users/jungdaekyu/Desktop/MilitaryBE/node_modules/request/request.js:185:22)
    at Request.emit (node:events:520:28)
    at Request.<anonymous> (/Users/jungdaekyu/Desktop/MilitaryBE/node_modules/request/request.js:1154:10)
    at Request.emit (node:events:520:28)
    at IncomingMessage.<anonymous> (/Users/jungdaekyu/Desktop/MilitaryBE/node_modules/request/request.js:1076:12)
    at Object.onceWrapper (node:events:639:28)
    at IncomingMessage.emit (node:events:532:35)
    at endReadableNT (node:internal/streams/readable:1346:12)
    at processTicksAndRejections (node:internal/process/task_queues:83:21)
2022-05-05T08:57:07.764Z [winston-test] info: 3000 포트로 서버가 켜졌어요!
2022-05-05T08:57:17.185Z [winston-test] error: uncaughtException: 400 - {"error":"invalid_request","error_description":"An authorization code must be supplied.","error_code":"KOE320"}
StatusCodeError: 400 - {"error":"invalid_request","error_description":"An authorization code must be supplied.","error_code":"KOE320"}
    at new StatusCodeError (/Users/jungdaekyu/Desktop/MilitaryBE/node_modules/request-promise-core/lib/errors.js:32:15)
    at Request.plumbing.callback (/Users/jungdaekyu/Desktop/MilitaryBE/node_modules/request-promise-core/lib/plumbing.js:104:33)
    at Request.RP$callback [as _callback] (/Users/jungdaekyu/Desktop/MilitaryBE/node_modules/request-promise-core/lib/plumbing.js:46:31)
    at Request.self.callback (/Users/jungdaekyu/Desktop/MilitaryBE/node_modules/request/request.js:185:22)
    at Request.emit (node:events:520:28)
    at Request.<anonymous> (/Users/jungdaekyu/Desktop/MilitaryBE/node_modules/request/request.js:1154:10)
    at Request.emit (node:events:520:28)
    at IncomingMessage.<anonymous> (/Users/jungdaekyu/Desktop/MilitaryBE/node_modules/request/request.js:1076:12)
    at Object.onceWrapper (node:events:639:28)
    at IncomingMessage.emit (node:events:532:35)
    at endReadableNT (node:internal/streams/readable:1346:12)
    at processTicksAndRejections (node:internal/process/task_queues:83:21)
2022-05-05T08:57:42.609Z [winston-test] info: 3000 포트로 서버가 켜졌어요!
2022-05-05T08:57:49.216Z [winston-test] error: uncaughtException: User.find is not a function
TypeError: User.find is not a function
    at kakaoRegister (/Users/jungdaekyu/Desktop/MilitaryBE/controllers/kakao.js:57:34)
2022-05-05T08:58:28.249Z [winston-test] info: 3000 포트로 서버가 켜졌어요!
2022-05-05T08:58:28.497Z [winston-test] error: uncaughtException: 400 - {"error":"invalid_grant","error_description":"authorization code not found for code=53zDaa_PL4SGERR9zuVfMK1gYlrZZxDZHgpRSL9HMtFW72gwSJiIMobALKh_w-E6dBpR1AopcBQAAAGAk3DcOQ","error_code":"KOE320"}
StatusCodeError: 400 - {"error":"invalid_grant","error_description":"authorization code not found for code=53zDaa_PL4SGERR9zuVfMK1gYlrZZxDZHgpRSL9HMtFW72gwSJiIMobALKh_w-E6dBpR1AopcBQAAAGAk3DcOQ","error_code":"KOE320"}
    at new StatusCodeError (/Users/jungdaekyu/Desktop/MilitaryBE/node_modules/request-promise-core/lib/errors.js:32:15)
    at Request.plumbing.callback (/Users/jungdaekyu/Desktop/MilitaryBE/node_modules/request-promise-core/lib/plumbing.js:104:33)
    at Request.RP$callback [as _callback] (/Users/jungdaekyu/Desktop/MilitaryBE/node_modules/request-promise-core/lib/plumbing.js:46:31)
    at Request.self.callback (/Users/jungdaekyu/Desktop/MilitaryBE/node_modules/request/request.js:185:22)
    at Request.emit (node:events:520:28)
    at Request.<anonymous> (/Users/jungdaekyu/Desktop/MilitaryBE/node_modules/request/request.js:1154:10)
    at Request.emit (node:events:520:28)
    at IncomingMessage.<anonymous> (/Users/jungdaekyu/Desktop/MilitaryBE/node_modules/request/request.js:1076:12)
    at Object.onceWrapper (node:events:639:28)
    at IncomingMessage.emit (node:events:532:35)
    at endReadableNT (node:internal/streams/readable:1346:12)
    at processTicksAndRejections (node:internal/process/task_queues:83:21)
2022-05-05T09:00:03.235Z [winston-test] info: 3000 포트로 서버가 켜졌어요!
2022-05-05T09:00:08.190Z [winston-test] error: uncaughtException: User.find is not a function
TypeError: User.find is not a function
    at kakaoRegister (/Users/jungdaekyu/Desktop/MilitaryBE/controllers/kakao.js:57:34)
2022-05-05T09:01:38.263Z [winston-test] info: 3000 포트로 서버가 켜졌어요!
2022-05-05T09:01:43.313Z [winston-test] error: uncaughtException: User.find is not a function
TypeError: User.find is not a function
    at kakaoRegister (/Users/jungdaekyu/Desktop/MilitaryBE/controllers/kakao.js:58:34)
2022-05-05T09:02:25.194Z [winston-test] info: 3000 포트로 서버가 켜졌어요!
2022-05-05T09:02:27.118Z [winston-test] error: uncaughtException: 400 - {"error":"invalid_grant","error_description":"authorization code not found for code=qNd-DLgm-rOOt_IadBfwo-rl0hlKE_kz8JZIG3IV88-tGEhgjZ8iEgh9OilnfufQK5mMBgorDNMAAAGAk3QhxA","error_code":"KOE320"}
StatusCodeError: 400 - {"error":"invalid_grant","error_description":"authorization code not found for code=qNd-DLgm-rOOt_IadBfwo-rl0hlKE_kz8JZIG3IV88-tGEhgjZ8iEgh9OilnfufQK5mMBgorDNMAAAGAk3QhxA","error_code":"KOE320"}
    at new StatusCodeError (/Users/jungdaekyu/Desktop/MilitaryBE/node_modules/request-promise-core/lib/errors.js:32:15)
    at Request.plumbing.callback (/Users/jungdaekyu/Desktop/MilitaryBE/node_modules/request-promise-core/lib/plumbing.js:104:33)
    at Request.RP$callback [as _callback] (/Users/jungdaekyu/Desktop/MilitaryBE/node_modules/request-promise-core/lib/plumbing.js:46:31)
    at Request.self.callback (/Users/jungdaekyu/Desktop/MilitaryBE/node_modules/request/request.js:185:22)
    at Request.emit (node:events:520:28)
    at Request.<anonymous> (/Users/jungdaekyu/Desktop/MilitaryBE/node_modules/request/request.js:1154:10)
    at Request.emit (node:events:520:28)
    at IncomingMessage.<anonymous> (/Users/jungdaekyu/Desktop/MilitaryBE/node_modules/request/request.js:1076:12)
    at Object.onceWrapper (node:events:639:28)
    at IncomingMessage.emit (node:events:532:35)
    at endReadableNT (node:internal/streams/readable:1346:12)
    at processTicksAndRejections (node:internal/process/task_queues:83:21)
2022-05-05T09:03:21.059Z [winston-test] info: 3000 포트로 서버가 켜졌어요!
2022-05-05T09:03:22.821Z [winston-test] error: uncaughtException: 400 - {"error":"invalid_grant","error_description":"authorization code not found for code=yB58RCruJ12EpIRRwuYFx55dkie37lxh0jWPzfdiyLFX-j4aXN0r0-B2k-yffLO7r_9emgopcJ8AAAGAk3TciQ","error_code":"KOE320"}
StatusCodeError: 400 - {"error":"invalid_grant","error_description":"authorization code not found for code=yB58RCruJ12EpIRRwuYFx55dkie37lxh0jWPzfdiyLFX-j4aXN0r0-B2k-yffLO7r_9emgopcJ8AAAGAk3TciQ","error_code":"KOE320"}
    at new StatusCodeError (/Users/jungdaekyu/Desktop/MilitaryBE/node_modules/request-promise-core/lib/errors.js:32:15)
    at Request.plumbing.callback (/Users/jungdaekyu/Desktop/MilitaryBE/node_modules/request-promise-core/lib/plumbing.js:104:33)
    at Request.RP$callback [as _callback] (/Users/jungdaekyu/Desktop/MilitaryBE/node_modules/request-promise-core/lib/plumbing.js:46:31)
    at Request.self.callback (/Users/jungdaekyu/Desktop/MilitaryBE/node_modules/request/request.js:185:22)
    at Request.emit (node:events:520:28)
    at Request.<anonymous> (/Users/jungdaekyu/Desktop/MilitaryBE/node_modules/request/request.js:1154:10)
    at Request.emit (node:events:520:28)
    at IncomingMessage.<anonymous> (/Users/jungdaekyu/Desktop/MilitaryBE/node_modules/request/request.js:1076:12)
    at Object.onceWrapper (node:events:639:28)
    at IncomingMessage.emit (node:events:532:35)
    at endReadableNT (node:internal/streams/readable:1346:12)
    at processTicksAndRejections (node:internal/process/task_queues:83:21)
2022-05-05T09:03:42.649Z [winston-test] info: 3000 포트로 서버가 켜졌어요!
2022-05-05T09:03:46.687Z [winston-test] error: uncaughtException: User.find is not a function
TypeError: User.find is not a function
    at kakaoRegister (/Users/jungdaekyu/Desktop/MilitaryBE/controllers/kakao.js:59:34)
2022-05-05T09:07:24.357Z [winston-test] info: 3000 포트로 서버가 켜졌어요!
2022-05-05T09:07:28.655Z [winston-test] error: uncaughtException: 400 - {"error":"invalid_grant","error_description":"authorization code not found for code=C1uMjatEjeFdajufr9dbZjM9y0MiVdSSu3eb8BUWu3A6OwCq-HpfLEC_i9czS9D2niJojgo9dJkAAAGAk3kvTg","error_code":"KOE320"}
StatusCodeError: 400 - {"error":"invalid_grant","error_description":"authorization code not found for code=C1uMjatEjeFdajufr9dbZjM9y0MiVdSSu3eb8BUWu3A6OwCq-HpfLEC_i9czS9D2niJojgo9dJkAAAGAk3kvTg","error_code":"KOE320"}
    at new StatusCodeError (/Users/jungdaekyu/Desktop/MilitaryBE/node_modules/request-promise-core/lib/errors.js:32:15)
    at Request.plumbing.callback (/Users/jungdaekyu/Desktop/MilitaryBE/node_modules/request-promise-core/lib/plumbing.js:104:33)
    at Request.RP$callback [as _callback] (/Users/jungdaekyu/Desktop/MilitaryBE/node_modules/request-promise-core/lib/plumbing.js:46:31)
    at Request.self.callback (/Users/jungdaekyu/Desktop/MilitaryBE/node_modules/request/request.js:185:22)
    at Request.emit (node:events:520:28)
    at Request.<anonymous> (/Users/jungdaekyu/Desktop/MilitaryBE/node_modules/request/request.js:1154:10)
    at Request.emit (node:events:520:28)
    at IncomingMessage.<anonymous> (/Users/jungdaekyu/Desktop/MilitaryBE/node_modules/request/request.js:1076:12)
    at Object.onceWrapper (node:events:639:28)
    at IncomingMessage.emit (node:events:532:35)
    at endReadableNT (node:internal/streams/readable:1346:12)
    at processTicksAndRejections (node:internal/process/task_queues:83:21)
2022-05-05T10:37:56.352Z [winston-test] info: 3000 포트로 서버가 켜졌어요!
2022-05-05T10:38:06.169Z [winston-test] error: uncaughtException: User.find is not a function
TypeError: User.find is not a function
    at kakaoRegister (/Users/jungdaekyu/Desktop/MilitaryBE/controllers/kakao.js:59:34)
2022-05-05T10:47:35.917Z [winston-test] info: 3000 포트로 서버가 켜졌어요!
2022-05-05T10:47:42.686Z [winston-test] error: uncaughtException: 400 - {"error":"invalid_grant","error_description":"authorization code not found for code=XTyQFxk0k42aoTjeRDkBHMkviB5PURmbukGfHx5ac24X556rCZx_poba-w20_ri3ShkwXwo9cuoAAAGAk9Satw","error_code":"KOE320"}
StatusCodeError: 400 - {"error":"invalid_grant","error_description":"authorization code not found for code=XTyQFxk0k42aoTjeRDkBHMkviB5PURmbukGfHx5ac24X556rCZx_poba-w20_ri3ShkwXwo9cuoAAAGAk9Satw","error_code":"KOE320"}
    at new StatusCodeError (/Users/jungdaekyu/Desktop/MilitaryBE/node_modules/request-promise-core/lib/errors.js:32:15)
    at Request.plumbing.callback (/Users/jungdaekyu/Desktop/MilitaryBE/node_modules/request-promise-core/lib/plumbing.js:104:33)
    at Request.RP$callback [as _callback] (/Users/jungdaekyu/Desktop/MilitaryBE/node_modules/request-promise-core/lib/plumbing.js:46:31)
    at Request.self.callback (/Users/jungdaekyu/Desktop/MilitaryBE/node_modules/request/request.js:185:22)
    at Request.emit (node:events:520:28)
    at Request.<anonymous> (/Users/jungdaekyu/Desktop/MilitaryBE/node_modules/request/request.js:1154:10)
    at Request.emit (node:events:520:28)
    at IncomingMessage.<anonymous> (/Users/jungdaekyu/Desktop/MilitaryBE/node_modules/request/request.js:1076:12)
    at Object.onceWrapper (node:events:639:28)
    at IncomingMessage.emit (node:events:532:35)
    at endReadableNT (node:internal/streams/readable:1346:12)
    at processTicksAndRejections (node:internal/process/task_queues:83:21)
2022-05-05T10:48:15.626Z [winston-test] info: 3000 포트로 서버가 켜졌어요!
2022-05-05T10:48:20.910Z [winston-test] error: uncaughtException: User.find is not a function
TypeError: User.find is not a function
    at kakaoRegister (/Users/jungdaekyu/Desktop/MilitaryBE/controllers/kakao.js:59:34)
2022-05-05T10:49:49.928Z [winston-test] info: 3000 포트로 서버가 켜졌어요!
2022-05-05T10:49:52.686Z [winston-test] error: uncaughtException: 400 - {"error":"invalid_grant","error_description":"authorization code not found for code=RVE7iiU_ABH_hCpYkrIfFxKwAJz353-reYvVX4DFMR_I3hUljmfXIEihePhUdS2FI6-1gQo9dGkAAAGAk9XALQ","error_code":"KOE320"}
StatusCodeError: 400 - {"error":"invalid_grant","error_description":"authorization code not found for code=RVE7iiU_ABH_hCpYkrIfFxKwAJz353-reYvVX4DFMR_I3hUljmfXIEihePhUdS2FI6-1gQo9dGkAAAGAk9XALQ","error_code":"KOE320"}
    at new StatusCodeError (/Users/jungdaekyu/Desktop/MilitaryBE/node_modules/request-promise-core/lib/errors.js:32:15)
    at Request.plumbing.callback (/Users/jungdaekyu/Desktop/MilitaryBE/node_modules/request-promise-core/lib/plumbing.js:104:33)
    at Request.RP$callback [as _callback] (/Users/jungdaekyu/Desktop/MilitaryBE/node_modules/request-promise-core/lib/plumbing.js:46:31)
    at Request.self.callback (/Users/jungdaekyu/Desktop/MilitaryBE/node_modules/request/request.js:185:22)
    at Request.emit (node:events:520:28)
    at Request.<anonymous> (/Users/jungdaekyu/Desktop/MilitaryBE/node_modules/request/request.js:1154:10)
    at Request.emit (node:events:520:28)
    at IncomingMessage.<anonymous> (/Users/jungdaekyu/Desktop/MilitaryBE/node_modules/request/request.js:1076:12)
    at Object.onceWrapper (node:events:639:28)
    at IncomingMessage.emit (node:events:532:35)
    at endReadableNT (node:internal/streams/readable:1346:12)
    at processTicksAndRejections (node:internal/process/task_queues:83:21)
2022-05-05T10:57:55.858Z [winston-test] error: uncaughtException: sequelize is not defined
ReferenceError: sequelize is not defined
    at Object.<anonymous> (/Users/jungdaekyu/Desktop/MilitaryBE/controllers/kakao.js:6:31)
    at Module._compile (node:internal/modules/cjs/loader:1103:14)
    at Object.Module._extensions..js (node:internal/modules/cjs/loader:1155:10)
    at Module.load (node:internal/modules/cjs/loader:981:32)
    at Function.Module._load (node:internal/modules/cjs/loader:822:12)
    at Module.require (node:internal/modules/cjs/loader:1005:19)
    at require (node:internal/modules/cjs/helpers:102:18)
    at Object.<anonymous> (/Users/jungdaekyu/Desktop/MilitaryBE/routers/kakaoLogin.js:3:36)
    at Module._compile (node:internal/modules/cjs/loader:1103:14)
    at Object.Module._extensions..js (node:internal/modules/cjs/loader:1155:10)
    at Module.load (node:internal/modules/cjs/loader:981:32)
    at Function.Module._load (node:internal/modules/cjs/loader:822:12)
    at Module.require (node:internal/modules/cjs/loader:1005:19)
    at require (node:internal/modules/cjs/helpers:102:18)
    at Object.<anonymous> (/Users/jungdaekyu/Desktop/MilitaryBE/app.js:79:21)
    at Module._compile (node:internal/modules/cjs/loader:1103:14)
    at Object.Module._extensions..js (node:internal/modules/cjs/loader:1155:10)
    at Module.load (node:internal/modules/cjs/loader:981:32)
    at Function.Module._load (node:internal/modules/cjs/loader:822:12)
    at Function.executeUserEntryPoint [as runMain] (node:internal/modules/run_main:77:12)
    at node:internal/main/run_main_module:17:47
2022-05-05T10:59:29.536Z [winston-test] error: uncaughtException: sequelize is not defined
ReferenceError: sequelize is not defined
    at Object.<anonymous> (/Users/jungdaekyu/Desktop/MilitaryBE/controllers/kakao.js:6:31)
    at Module._compile (node:internal/modules/cjs/loader:1103:14)
    at Object.Module._extensions..js (node:internal/modules/cjs/loader:1155:10)
    at Module.load (node:internal/modules/cjs/loader:981:32)
    at Function.Module._load (node:internal/modules/cjs/loader:822:12)
    at Module.require (node:internal/modules/cjs/loader:1005:19)
    at require (node:internal/modules/cjs/helpers:102:18)
    at Object.<anonymous> (/Users/jungdaekyu/Desktop/MilitaryBE/routers/kakaoLogin.js:3:36)
    at Module._compile (node:internal/modules/cjs/loader:1103:14)
    at Object.Module._extensions..js (node:internal/modules/cjs/loader:1155:10)
    at Module.load (node:internal/modules/cjs/loader:981:32)
    at Function.Module._load (node:internal/modules/cjs/loader:822:12)
    at Module.require (node:internal/modules/cjs/loader:1005:19)
    at require (node:internal/modules/cjs/helpers:102:18)
    at Object.<anonymous> (/Users/jungdaekyu/Desktop/MilitaryBE/app.js:78:21)
    at Module._compile (node:internal/modules/cjs/loader:1103:14)
    at Object.Module._extensions..js (node:internal/modules/cjs/loader:1155:10)
    at Module.load (node:internal/modules/cjs/loader:981:32)
    at Function.Module._load (node:internal/modules/cjs/loader:822:12)
    at Function.executeUserEntryPoint [as runMain] (node:internal/modules/run_main:77:12)
    at node:internal/main/run_main_module:17:47
2022-05-05T11:00:02.476Z [winston-test] info: 3000 포트로 서버가 켜졌어요!
2022-05-05T11:00:07.908Z [winston-test] error: uncaughtException: 400 - {"error":"invalid_grant","error_description":"authorization code not found for code=Fu8MqY-XPpc7x6NFCDpjd79HayXO2SeQI99-i2h6gbsd7sAXtA1HYLVW0mbZYbaqqktcswopb9UAAAGAk9c1Pg","error_code":"KOE320"}
StatusCodeError: 400 - {"error":"invalid_grant","error_description":"authorization code not found for code=Fu8MqY-XPpc7x6NFCDpjd79HayXO2SeQI99-i2h6gbsd7sAXtA1HYLVW0mbZYbaqqktcswopb9UAAAGAk9c1Pg","error_code":"KOE320"}
    at new StatusCodeError (/Users/jungdaekyu/Desktop/MilitaryBE/node_modules/request-promise-core/lib/errors.js:32:15)
    at Request.plumbing.callback (/Users/jungdaekyu/Desktop/MilitaryBE/node_modules/request-promise-core/lib/plumbing.js:104:33)
    at Request.RP$callback [as _callback] (/Users/jungdaekyu/Desktop/MilitaryBE/node_modules/request-promise-core/lib/plumbing.js:46:31)
    at Request.self.callback (/Users/jungdaekyu/Desktop/MilitaryBE/node_modules/request/request.js:185:22)
    at Request.emit (node:events:520:28)
    at Request.<anonymous> (/Users/jungdaekyu/Desktop/MilitaryBE/node_modules/request/request.js:1154:10)
    at Request.emit (node:events:520:28)
    at IncomingMessage.<anonymous> (/Users/jungdaekyu/Desktop/MilitaryBE/node_modules/request/request.js:1076:12)
    at Object.onceWrapper (node:events:639:28)
    at IncomingMessage.emit (node:events:532:35)
    at endReadableNT (node:internal/streams/readable:1346:12)
    at processTicksAndRejections (node:internal/process/task_queues:83:21)
2022-05-05T11:00:41.699Z [winston-test] info: 3000 포트로 서버가 켜졌어요!
2022-05-05T11:03:05.772Z [winston-test] info: 3000 포트로 서버가 켜졌어요!
2022-05-05T11:03:33.965Z [winston-test] info: 3000 포트로 서버가 켜졌어요!
2022-05-05T11:03:47.767Z [winston-test] info: 3000 포트로 서버가 켜졌어요!
2022-05-05T11:05:36.255Z [winston-test] info: 3000 포트로 서버가 켜졌어요!
2022-05-05T11:07:28.662Z [winston-test] info: 3000 포트로 서버가 켜졌어요!
2022-05-05T11:07:30.872Z [winston-test] error: uncaughtException: 400 - {"error":"invalid_grant","error_description":"authorization code not found for code=ijTCHbaGuoyY2vsfKPv1vYNzzcy5Ux6rQWTXBKHFXu7Q5MKpEMGlRqqFf3vTfmg5WjS34go9cusAAAGAk-WfdA","error_code":"KOE320"}
StatusCodeError: 400 - {"error":"invalid_grant","error_description":"authorization code not found for code=ijTCHbaGuoyY2vsfKPv1vYNzzcy5Ux6rQWTXBKHFXu7Q5MKpEMGlRqqFf3vTfmg5WjS34go9cusAAAGAk-WfdA","error_code":"KOE320"}
    at new StatusCodeError (/Users/jungdaekyu/Desktop/MilitaryBE/node_modules/request-promise-core/lib/errors.js:32:15)
    at Request.plumbing.callback (/Users/jungdaekyu/Desktop/MilitaryBE/node_modules/request-promise-core/lib/plumbing.js:104:33)
    at Request.RP$callback [as _callback] (/Users/jungdaekyu/Desktop/MilitaryBE/node_modules/request-promise-core/lib/plumbing.js:46:31)
    at Request.self.callback (/Users/jungdaekyu/Desktop/MilitaryBE/node_modules/request/request.js:185:22)
    at Request.emit (node:events:520:28)
    at Request.<anonymous> (/Users/jungdaekyu/Desktop/MilitaryBE/node_modules/request/request.js:1154:10)
    at Request.emit (node:events:520:28)
    at IncomingMessage.<anonymous> (/Users/jungdaekyu/Desktop/MilitaryBE/node_modules/request/request.js:1076:12)
    at Object.onceWrapper (node:events:639:28)
    at IncomingMessage.emit (node:events:532:35)
    at endReadableNT (node:internal/streams/readable:1346:12)
    at processTicksAndRejections (node:internal/process/task_queues:83:21)
2022-05-05T11:07:43.816Z [winston-test] info: 3000 포트로 서버가 켜졌어요!
2022-05-05T11:09:28.089Z [winston-test] info: 3000 포트로 서버가 켜졌어요!
2022-05-05T11:09:30.208Z [winston-test] error: uncaughtException: 400 - {"error":"invalid_grant","error_description":"authorization code not found for code=tsSYv1fNKfKuP_7WdANQjzqzA8G-W13L1GsnlInVYXxIg8UrUUTSCCI0ZGkH6D5fEl58vwo9dJkAAAGAk-eMbw","error_code":"KOE320"}
StatusCodeError: 400 - {"error":"invalid_grant","error_description":"authorization code not found for code=tsSYv1fNKfKuP_7WdANQjzqzA8G-W13L1GsnlInVYXxIg8UrUUTSCCI0ZGkH6D5fEl58vwo9dJkAAAGAk-eMbw","error_code":"KOE320"}
    at new StatusCodeError (/Users/jungdaekyu/Desktop/MilitaryBE/node_modules/request-promise-core/lib/errors.js:32:15)
    at Request.plumbing.callback (/Users/jungdaekyu/Desktop/MilitaryBE/node_modules/request-promise-core/lib/plumbing.js:104:33)
    at Request.RP$callback [as _callback] (/Users/jungdaekyu/Desktop/MilitaryBE/node_modules/request-promise-core/lib/plumbing.js:46:31)
    at Request.self.callback (/Users/jungdaekyu/Desktop/MilitaryBE/node_modules/request/request.js:185:22)
    at Request.emit (node:events:520:28)
    at Request.<anonymous> (/Users/jungdaekyu/Desktop/MilitaryBE/node_modules/request/request.js:1154:10)
    at Request.emit (node:events:520:28)
    at IncomingMessage.<anonymous> (/Users/jungdaekyu/Desktop/MilitaryBE/node_modules/request/request.js:1076:12)
    at Object.onceWrapper (node:events:639:28)
    at IncomingMessage.emit (node:events:532:35)
    at endReadableNT (node:internal/streams/readable:1346:12)
    at processTicksAndRejections (node:internal/process/task_queues:83:21)
2022-05-05T11:11:22.865Z [winston-test] info: 3000 포트로 서버가 켜졌어요!
2022-05-05T11:17:34.650Z [winston-test] info: 3000 포트로 서버가 켜졌어요!
2022-05-05T11:18:59.672Z [winston-test] info: 3000 포트로 서버가 켜졌어요!
2022-05-05T11:24:18.738Z [winston-test] info: 3000 포트로 서버가 켜졌어요!
2022-05-05T11:24:37.345Z [winston-test] error: uncaughtException: Validation error
Error
    at Query.run (/Users/jungdaekyu/Desktop/MilitaryBE/node_modules/sequelize/lib/dialects/mysql/query.js:52:25)
    at /Users/jungdaekyu/Desktop/MilitaryBE/node_modules/sequelize/lib/sequelize.js:313:28
    at processTicksAndRejections (node:internal/process/task_queues:96:5)
    at async MySQLQueryInterface.insert (/Users/jungdaekyu/Desktop/MilitaryBE/node_modules/sequelize/lib/dialects/abstract/query-interface.js:297:21)
    at async User.save (/Users/jungdaekyu/Desktop/MilitaryBE/node_modules/sequelize/lib/model.js:2424:35)
    at async Function.create (/Users/jungdaekyu/Desktop/MilitaryBE/node_modules/sequelize/lib/model.js:1336:12)
    at async kakaoRegister (/Users/jungdaekyu/Desktop/MilitaryBE/controllers/kakao.js:71:9)
2022-05-05T11:26:45.625Z [winston-test] info: 3000 포트로 서버가 켜졌어요!
2022-05-05T11:26:49.745Z [winston-test] error: uncaughtException: 400 - {"error":"invalid_grant","error_description":"authorization code not found for code=aRibC3Go90Tt92NAZ6mADYjI9vZeg0ZJ0L13deM8cXmz3LbjBvsPCcrhzxbKDRGmo5lR5Ao9dJcAAAGAk_bsqw","error_code":"KOE320"}
StatusCodeError: 400 - {"error":"invalid_grant","error_description":"authorization code not found for code=aRibC3Go90Tt92NAZ6mADYjI9vZeg0ZJ0L13deM8cXmz3LbjBvsPCcrhzxbKDRGmo5lR5Ao9dJcAAAGAk_bsqw","error_code":"KOE320"}
    at new StatusCodeError (/Users/jungdaekyu/Desktop/MilitaryBE/node_modules/request-promise-core/lib/errors.js:32:15)
    at Request.plumbing.callback (/Users/jungdaekyu/Desktop/MilitaryBE/node_modules/request-promise-core/lib/plumbing.js:104:33)
    at Request.RP$callback [as _callback] (/Users/jungdaekyu/Desktop/MilitaryBE/node_modules/request-promise-core/lib/plumbing.js:46:31)
    at Request.self.callback (/Users/jungdaekyu/Desktop/MilitaryBE/node_modules/request/request.js:185:22)
    at Request.emit (node:events:520:28)
    at Request.<anonymous> (/Users/jungdaekyu/Desktop/MilitaryBE/node_modules/request/request.js:1154:10)
    at Request.emit (node:events:520:28)
    at IncomingMessage.<anonymous> (/Users/jungdaekyu/Desktop/MilitaryBE/node_modules/request/request.js:1076:12)
    at Object.onceWrapper (node:events:639:28)
    at IncomingMessage.emit (node:events:532:35)
    at endReadableNT (node:internal/streams/readable:1346:12)
    at processTicksAndRejections (node:internal/process/task_queues:83:21)
2022-05-05T11:27:02.027Z [winston-test] info: 3000 포트로 서버가 켜졌어요!
2022-05-05T11:40:27.654Z [winston-test] info: 3000 포트로 서버가 켜졌어요!
2022-05-05T11:40:43.362Z [winston-test] error: uncaughtException: 400 - {"error":"invalid_grant","error_description":"authorization code not found for code=bRcaCuYTxrUUevdh4wYD2IzgJkqBqmeRD5i8FZ2vrwRdZV-8MlRPFS7WBXW_HV8OGzElqgorDNQAAAGAlAWMUQ","error_code":"KOE320"}
StatusCodeError: 400 - {"error":"invalid_grant","error_description":"authorization code not found for code=bRcaCuYTxrUUevdh4wYD2IzgJkqBqmeRD5i8FZ2vrwRdZV-8MlRPFS7WBXW_HV8OGzElqgorDNQAAAGAlAWMUQ","error_code":"KOE320"}
    at new StatusCodeError (/Users/jungdaekyu/Desktop/MilitaryBE/node_modules/request-promise-core/lib/errors.js:32:15)
    at Request.plumbing.callback (/Users/jungdaekyu/Desktop/MilitaryBE/node_modules/request-promise-core/lib/plumbing.js:104:33)
    at Request.RP$callback [as _callback] (/Users/jungdaekyu/Desktop/MilitaryBE/node_modules/request-promise-core/lib/plumbing.js:46:31)
    at Request.self.callback (/Users/jungdaekyu/Desktop/MilitaryBE/node_modules/request/request.js:185:22)
    at Request.emit (node:events:520:28)
    at Request.<anonymous> (/Users/jungdaekyu/Desktop/MilitaryBE/node_modules/request/request.js:1154:10)
    at Request.emit (node:events:520:28)
    at IncomingMessage.<anonymous> (/Users/jungdaekyu/Desktop/MilitaryBE/node_modules/request/request.js:1076:12)
    at Object.onceWrapper (node:events:639:28)
    at IncomingMessage.emit (node:events:532:35)
    at endReadableNT (node:internal/streams/readable:1346:12)
    at processTicksAndRejections (node:internal/process/task_queues:83:21)
2022-05-05T11:41:19.144Z [winston-test] info: 3000 포트로 서버가 켜졌어요!
2022-05-05T11:49:22.508Z [winston-test] error: uncaughtException: Cannot read properties of null (reading 'userPw')
TypeError: Cannot read properties of null (reading 'userPw')
    at login (/Users/jungdaekyu/Desktop/MilitaryBE/controllers/user.js:80:48)
    at processTicksAndRejections (node:internal/process/task_queues:96:5)
2022-05-05T11:49:29.387Z [winston-test] info: 3000 포트로 서버가 켜졌어요!
2022-05-05T11:49:32.082Z [winston-test] error: uncaughtException: Cannot read properties of null (reading 'userPw')
TypeError: Cannot read properties of null (reading 'userPw')
    at login (/Users/jungdaekyu/Desktop/MilitaryBE/controllers/user.js:80:48)
    at processTicksAndRejections (node:internal/process/task_queues:96:5)
2022-05-05T11:49:51.600Z [winston-test] info: 3000 포트로 서버가 켜졌어요!
2022-05-05T12:18:23.252Z [winston-test] info: 3000 포트로 서버가 켜졌어요!
2022-05-05T12:19:02.961Z [winston-test] error: uncaughtException: Cannot read properties of null (reading 'userPw')
TypeError: Cannot read properties of null (reading 'userPw')
    at login (/Users/jungdaekyu/Desktop/MilitaryBE/controllers/user.js:80:48)
    at processTicksAndRejections (node:internal/process/task_queues:96:5)
2022-05-05T12:19:54.121Z [winston-test] info: 3000 포트로 서버가 켜졌어요!
2022-05-05T12:19:56.623Z [winston-test] error: uncaughtException: Cannot read properties of null (reading 'userPw')
TypeError: Cannot read properties of null (reading 'userPw')
    at login (/Users/jungdaekyu/Desktop/MilitaryBE/controllers/user.js:80:48)
    at processTicksAndRejections (node:internal/process/task_queues:96:5)
2022-05-05T12:21:10.638Z [winston-test] info: 3000 포트로 서버가 켜졌어요!
2022-05-05T12:21:13.527Z [winston-test] error: uncaughtException: Cannot read properties of null (reading 'userPw')
TypeError: Cannot read properties of null (reading 'userPw')
    at login (/Users/jungdaekyu/Desktop/MilitaryBE/controllers/user.js:80:48)
    at processTicksAndRejections (node:internal/process/task_queues:96:5)
2022-05-05T12:21:35.565Z [winston-test] info: 3000 포트로 서버가 켜졌어요!
2022-05-05T12:21:38.330Z [winston-test] error: uncaughtException: Cannot read properties of null (reading 'userPw')
TypeError: Cannot read properties of null (reading 'userPw')
    at login (/Users/jungdaekyu/Desktop/MilitaryBE/controllers/user.js:80:48)
    at processTicksAndRejections (node:internal/process/task_queues:96:5)
2022-05-05T12:22:28.402Z [winston-test] info: 3000 포트로 서버가 켜졌어요!
2022-05-05T12:22:30.975Z [winston-test] error: uncaughtException: Cannot read properties of null (reading 'userId')
TypeError: Cannot read properties of null (reading 'userId')
    at login (/Users/jungdaekyu/Desktop/MilitaryBE/controllers/user.js:83:12)
    at processTicksAndRejections (node:internal/process/task_queues:96:5)
2022-05-05T12:24:19.404Z [winston-test] info: 3000 포트로 서버가 켜졌어요!
2022-05-05T12:24:23.480Z [winston-test] error: uncaughtException: Cannot set headers after they are sent to the client
Error [ERR_HTTP_HEADERS_SENT]: Cannot set headers after they are sent to the client
    at new NodeError (node:internal/errors:371:5)
    at ServerResponse.setHeader (node:_http_outgoing:576:11)
    at ServerResponse.header (/Users/jungdaekyu/Desktop/MilitaryBE/node_modules/express/lib/response.js:776:10)
    at ServerResponse.send (/Users/jungdaekyu/Desktop/MilitaryBE/node_modules/express/lib/response.js:170:12)
    at ServerResponse.json (/Users/jungdaekyu/Desktop/MilitaryBE/node_modules/express/lib/response.js:267:15)
    at login (/Users/jungdaekyu/Desktop/MilitaryBE/controllers/user.js:95:7)
    at processTicksAndRejections (node:internal/process/task_queues:96:5)
2022-05-05T12:24:49.873Z [winston-test] info: 3000 포트로 서버가 켜졌어요!
2022-05-05T12:24:52.847Z [winston-test] error: uncaughtException: Cannot set headers after they are sent to the client
Error [ERR_HTTP_HEADERS_SENT]: Cannot set headers after they are sent to the client
    at new NodeError (node:internal/errors:371:5)
    at ServerResponse.setHeader (node:_http_outgoing:576:11)
    at ServerResponse.header (/Users/jungdaekyu/Desktop/MilitaryBE/node_modules/express/lib/response.js:776:10)
    at ServerResponse.send (/Users/jungdaekyu/Desktop/MilitaryBE/node_modules/express/lib/response.js:170:12)
    at ServerResponse.json (/Users/jungdaekyu/Desktop/MilitaryBE/node_modules/express/lib/response.js:267:15)
    at login (/Users/jungdaekyu/Desktop/MilitaryBE/controllers/user.js:95:7)
    at processTicksAndRejections (node:internal/process/task_queues:96:5)
2022-05-05T12:24:52.848Z [winston-test] error: uncaughtException: data and hash arguments required
Error: data and hash arguments required
    at Object.compare (/Users/jungdaekyu/Desktop/MilitaryBE/node_modules/bcrypt/bcrypt.js:208:17)
    at /Users/jungdaekyu/Desktop/MilitaryBE/node_modules/bcrypt/promises.js:29:12
    at new Promise (<anonymous>)
    at Object.module.exports.promise (/Users/jungdaekyu/Desktop/MilitaryBE/node_modules/bcrypt/promises.js:20:12)
    at Object.compare (/Users/jungdaekyu/Desktop/MilitaryBE/node_modules/bcrypt/bcrypt.js:204:25)
    at login (/Users/jungdaekyu/Desktop/MilitaryBE/controllers/user.js:80:27)
    at processTicksAndRejections (node:internal/process/task_queues:96:5)
2022-05-05T12:25:54.152Z [winston-test] info: 3000 포트로 서버가 켜졌어요!
2022-05-05T12:25:58.142Z [winston-test] error: uncaughtException: Cannot read properties of null (reading 'userPw')
TypeError: Cannot read properties of null (reading 'userPw')
    at login (/Users/jungdaekyu/Desktop/MilitaryBE/controllers/user.js:81:48)
    at processTicksAndRejections (node:internal/process/task_queues:96:5)
2022-05-05T12:26:12.707Z [winston-test] info: 3000 포트로 서버가 켜졌어요!
2022-05-05T12:26:15.649Z [winston-test] error: uncaughtException: Cannot read properties of null (reading 'userId')
TypeError: Cannot read properties of null (reading 'userId')
    at login (/Users/jungdaekyu/Desktop/MilitaryBE/controllers/user.js:84:12)
    at processTicksAndRejections (node:internal/process/task_queues:96:5)
2022-05-05T12:29:24.602Z [winston-test] info: 3000 포트로 서버가 켜졌어요!
2022-05-05T12:29:26.099Z [winston-test] error: uncaughtException: userNick is not defined
ReferenceError: userNick is not defined
    at login (/Users/jungdaekyu/Desktop/MilitaryBE/controllers/user.js:76:70)
    at Layer.handle [as handle_request] (/Users/jungdaekyu/Desktop/MilitaryBE/node_modules/express/lib/router/layer.js:95:5)
    at next (/Users/jungdaekyu/Desktop/MilitaryBE/node_modules/express/lib/router/route.js:137:13)
    at Route.dispatch (/Users/jungdaekyu/Desktop/MilitaryBE/node_modules/express/lib/router/route.js:112:3)
    at Layer.handle [as handle_request] (/Users/jungdaekyu/Desktop/MilitaryBE/node_modules/express/lib/router/layer.js:95:5)
    at /Users/jungdaekyu/Desktop/MilitaryBE/node_modules/express/lib/router/index.js:281:22
    at Function.process_params (/Users/jungdaekyu/Desktop/MilitaryBE/node_modules/express/lib/router/index.js:341:12)
    at next (/Users/jungdaekyu/Desktop/MilitaryBE/node_modules/express/lib/router/index.js:275:10)
    at Function.handle (/Users/jungdaekyu/Desktop/MilitaryBE/node_modules/express/lib/router/index.js:174:3)
    at router (/Users/jungdaekyu/Desktop/MilitaryBE/node_modules/express/lib/router/index.js:47:12)
    at Layer.handle [as handle_request] (/Users/jungdaekyu/Desktop/MilitaryBE/node_modules/express/lib/router/layer.js:95:5)
    at trim_prefix (/Users/jungdaekyu/Desktop/MilitaryBE/node_modules/express/lib/router/index.js:323:13)
    at /Users/jungdaekyu/Desktop/MilitaryBE/node_modules/express/lib/router/index.js:284:7
    at Function.process_params (/Users/jungdaekyu/Desktop/MilitaryBE/node_modules/express/lib/router/index.js:341:12)
    at next (/Users/jungdaekyu/Desktop/MilitaryBE/node_modules/express/lib/router/index.js:275:10)
    at internalNext (/Users/jungdaekyu/Desktop/MilitaryBE/node_modules/helmet/dist/cjs/index.js:442:6)
    at xXssProtectionMiddleware (/Users/jungdaekyu/Desktop/MilitaryBE/node_modules/helmet/dist/cjs/index.js:321:3)
    at internalNext (/Users/jungdaekyu/Desktop/MilitaryBE/node_modules/helmet/dist/cjs/index.js:440:6)
    at referrerPolicyMiddleware (/Users/jungdaekyu/Desktop/MilitaryBE/node_modules/helmet/dist/cjs/index.js:212:3)
    at internalNext (/Users/jungdaekyu/Desktop/MilitaryBE/node_modules/helmet/dist/cjs/index.js:440:6)
    at xPermittedCrossDomainPoliciesMiddleware (/Users/jungdaekyu/Desktop/MilitaryBE/node_modules/helmet/dist/cjs/index.js:307:3)
    at internalNext (/Users/jungdaekyu/Desktop/MilitaryBE/node_modules/helmet/dist/cjs/index.js:440:6)
2022-05-05T12:29:50.439Z [winston-test] info: 3000 포트로 서버가 켜졌어요!
2022-05-05T12:29:53.063Z [winston-test] error: uncaughtException: Cannot read properties of null (reading 'userPw')
TypeError: Cannot read properties of null (reading 'userPw')
    at login (/Users/jungdaekyu/Desktop/MilitaryBE/controllers/user.js:81:48)
    at processTicksAndRejections (node:internal/process/task_queues:96:5)
2022-05-05T12:30:11.606Z [winston-test] info: 3000 포트로 서버가 켜졌어요!
2022-05-05T12:30:14.337Z [winston-test] error: uncaughtException: Cannot set headers after they are sent to the client
Error [ERR_HTTP_HEADERS_SENT]: Cannot set headers after they are sent to the client
    at new NodeError (node:internal/errors:371:5)
    at ServerResponse.setHeader (node:_http_outgoing:576:11)
    at ServerResponse.header (/Users/jungdaekyu/Desktop/MilitaryBE/node_modules/express/lib/response.js:776:10)
    at ServerResponse.send (/Users/jungdaekyu/Desktop/MilitaryBE/node_modules/express/lib/response.js:170:12)
    at ServerResponse.json (/Users/jungdaekyu/Desktop/MilitaryBE/node_modules/express/lib/response.js:267:15)
    at login (/Users/jungdaekyu/Desktop/MilitaryBE/controllers/user.js:96:7)
    at processTicksAndRejections (node:internal/process/task_queues:96:5)
2022-05-05T12:30:14.338Z [winston-test] error: uncaughtException: data and hash arguments required
Error: data and hash arguments required
    at Object.compare (/Users/jungdaekyu/Desktop/MilitaryBE/node_modules/bcrypt/bcrypt.js:208:17)
    at /Users/jungdaekyu/Desktop/MilitaryBE/node_modules/bcrypt/promises.js:29:12
    at new Promise (<anonymous>)
    at Object.module.exports.promise (/Users/jungdaekyu/Desktop/MilitaryBE/node_modules/bcrypt/promises.js:20:12)
    at Object.compare (/Users/jungdaekyu/Desktop/MilitaryBE/node_modules/bcrypt/bcrypt.js:204:25)
    at login (/Users/jungdaekyu/Desktop/MilitaryBE/controllers/user.js:81:27)
    at processTicksAndRejections (node:internal/process/task_queues:96:5)
2022-05-05T12:33:30.468Z [winston-test] info: 3000 포트로 서버가 켜졌어요!
2022-05-05T12:34:08.747Z [winston-test] error: uncaughtException: Cannot read properties of null (reading 'userPw')
TypeError: Cannot read properties of null (reading 'userPw')
    at login (/Users/jungdaekyu/Desktop/MilitaryBE/controllers/user.js:81:48)
    at processTicksAndRejections (node:internal/process/task_queues:96:5)
2022-05-05T12:34:47.630Z [winston-test] info: 3000 포트로 서버가 켜졌어요!
2022-05-05T12:34:50.713Z [winston-test] error: uncaughtException: Cannot read properties of null (reading 'userPw')
TypeError: Cannot read properties of null (reading 'userPw')
    at login (/Users/jungdaekyu/Desktop/MilitaryBE/controllers/user.js:81:48)
    at processTicksAndRejections (node:internal/process/task_queues:96:5)
2022-05-05T12:36:37.325Z [winston-test] info: 3000 포트로 서버가 켜졌어요!
2022-05-05T12:36:39.865Z [winston-test] error: uncaughtException: Cannot read properties of null (reading 'userPw')
TypeError: Cannot read properties of null (reading 'userPw')
    at login (/Users/jungdaekyu/Desktop/MilitaryBE/controllers/user.js:82:48)
    at processTicksAndRejections (node:internal/process/task_queues:96:5)
2022-05-05T12:37:02.800Z [winston-test] info: 3000 포트로 서버가 켜졌어요!
2022-05-05T12:37:05.317Z [winston-test] error: uncaughtException: Cannot read properties of null (reading 'userPw')
TypeError: Cannot read properties of null (reading 'userPw')
    at login (/Users/jungdaekyu/Desktop/MilitaryBE/controllers/user.js:82:48)
    at processTicksAndRejections (node:internal/process/task_queues:96:5)
2022-05-05T12:37:32.787Z [winston-test] info: 3000 포트로 서버가 켜졌어요!
2022-05-05T12:37:33.571Z [winston-test] error: uncaughtException: User.find is not a function
TypeError: User.find is not a function
    at login (/Users/jungdaekyu/Desktop/MilitaryBE/controllers/user.js:76:27)
    at Layer.handle [as handle_request] (/Users/jungdaekyu/Desktop/MilitaryBE/node_modules/express/lib/router/layer.js:95:5)
    at next (/Users/jungdaekyu/Desktop/MilitaryBE/node_modules/express/lib/router/route.js:137:13)
    at Route.dispatch (/Users/jungdaekyu/Desktop/MilitaryBE/node_modules/express/lib/router/route.js:112:3)
    at Layer.handle [as handle_request] (/Users/jungdaekyu/Desktop/MilitaryBE/node_modules/express/lib/router/layer.js:95:5)
    at /Users/jungdaekyu/Desktop/MilitaryBE/node_modules/express/lib/router/index.js:281:22
    at Function.process_params (/Users/jungdaekyu/Desktop/MilitaryBE/node_modules/express/lib/router/index.js:341:12)
    at next (/Users/jungdaekyu/Desktop/MilitaryBE/node_modules/express/lib/router/index.js:275:10)
    at Function.handle (/Users/jungdaekyu/Desktop/MilitaryBE/node_modules/express/lib/router/index.js:174:3)
    at router (/Users/jungdaekyu/Desktop/MilitaryBE/node_modules/express/lib/router/index.js:47:12)
    at Layer.handle [as handle_request] (/Users/jungdaekyu/Desktop/MilitaryBE/node_modules/express/lib/router/layer.js:95:5)
    at trim_prefix (/Users/jungdaekyu/Desktop/MilitaryBE/node_modules/express/lib/router/index.js:323:13)
    at /Users/jungdaekyu/Desktop/MilitaryBE/node_modules/express/lib/router/index.js:284:7
    at Function.process_params (/Users/jungdaekyu/Desktop/MilitaryBE/node_modules/express/lib/router/index.js:341:12)
    at next (/Users/jungdaekyu/Desktop/MilitaryBE/node_modules/express/lib/router/index.js:275:10)
    at internalNext (/Users/jungdaekyu/Desktop/MilitaryBE/node_modules/helmet/dist/cjs/index.js:442:6)
    at xXssProtectionMiddleware (/Users/jungdaekyu/Desktop/MilitaryBE/node_modules/helmet/dist/cjs/index.js:321:3)
    at internalNext (/Users/jungdaekyu/Desktop/MilitaryBE/node_modules/helmet/dist/cjs/index.js:440:6)
    at referrerPolicyMiddleware (/Users/jungdaekyu/Desktop/MilitaryBE/node_modules/helmet/dist/cjs/index.js:212:3)
    at internalNext (/Users/jungdaekyu/Desktop/MilitaryBE/node_modules/helmet/dist/cjs/index.js:440:6)
    at xPermittedCrossDomainPoliciesMiddleware (/Users/jungdaekyu/Desktop/MilitaryBE/node_modules/helmet/dist/cjs/index.js:307:3)
    at internalNext (/Users/jungdaekyu/Desktop/MilitaryBE/node_modules/helmet/dist/cjs/index.js:440:6)
2022-05-05T12:40:51.432Z [winston-test] info: 3000 포트로 서버가 켜졌어요!
2022-05-05T12:40:55.038Z [winston-test] error: uncaughtException: Cannot set headers after they are sent to the client
Error [ERR_HTTP_HEADERS_SENT]: Cannot set headers after they are sent to the client
    at new NodeError (node:internal/errors:371:5)
    at ServerResponse.setHeader (node:_http_outgoing:576:11)
    at ServerResponse.header (/Users/jungdaekyu/Desktop/MilitaryBE/node_modules/express/lib/response.js:776:10)
    at ServerResponse.send (/Users/jungdaekyu/Desktop/MilitaryBE/node_modules/express/lib/response.js:170:12)
    at ServerResponse.json (/Users/jungdaekyu/Desktop/MilitaryBE/node_modules/express/lib/response.js:267:15)
    at login (/Users/jungdaekyu/Desktop/MilitaryBE/controllers/user.js:97:7)
    at processTicksAndRejections (node:internal/process/task_queues:96:5)
2022-05-05T12:41:26.243Z [winston-test] info: 3000 포트로 서버가 켜졌어요!
2022-05-05T12:41:27.287Z [winston-test] error: uncaughtException: Invalid value { userId: 'test222' }
Error: Invalid value { userId: 'test222' }
    at Object.escape (/Users/jungdaekyu/Desktop/MilitaryBE/node_modules/sequelize/lib/sql-string.js:52:11)
    at MySQLQueryGenerator.escape (/Users/jungdaekyu/Desktop/MilitaryBE/node_modules/sequelize/lib/dialects/abstract/query-generator.js:709:22)
    at /Users/jungdaekyu/Desktop/MilitaryBE/node_modules/sequelize/lib/dialects/abstract/query-generator.js:1905:71
    at Array.map (<anonymous>)
    at MySQLQueryGenerator._whereParseSingleValueObject (/Users/jungdaekyu/Desktop/MilitaryBE/node_modules/sequelize/lib/dialects/abstract/query-generator.js:1905:52)
    at MySQLQueryGenerator.whereItemQuery (/Users/jungdaekyu/Desktop/MilitaryBE/node_modules/sequelize/lib/dialects/abstract/query-generator.js:1721:19)
    at /Users/jungdaekyu/Desktop/MilitaryBE/node_modules/sequelize/lib/dialects/abstract/query-generator.js:1646:25
    at Array.forEach (<anonymous>)
    at MySQLQueryGenerator.whereItemsQuery (/Users/jungdaekyu/Desktop/MilitaryBE/node_modules/sequelize/lib/dialects/abstract/query-generator.js:1644:35)
    at MySQLQueryGenerator.getWhereConditions (/Users/jungdaekyu/Desktop/MilitaryBE/node_modules/sequelize/lib/dialects/abstract/query-generator.js:1987:19)
    at MySQLQueryGenerator.selectQuery (/Users/jungdaekyu/Desktop/MilitaryBE/node_modules/sequelize/lib/dialects/abstract/query-generator.js:932:28)
    at MySQLQueryInterface.select (/Users/jungdaekyu/Desktop/MilitaryBE/node_modules/sequelize/lib/dialects/abstract/query-interface.js:396:59)
    at Function.findAll (/Users/jungdaekyu/Desktop/MilitaryBE/node_modules/sequelize/lib/model.js:1126:47)
    at processTicksAndRejections (node:internal/process/task_queues:96:5)
    at async Function.findOne (/Users/jungdaekyu/Desktop/MilitaryBE/node_modules/sequelize/lib/model.js:1220:12)
    at async login (/Users/jungdaekyu/Desktop/MilitaryBE/controllers/user.js:76:16)
2022-05-05T12:41:42.760Z [winston-test] info: 3000 포트로 서버가 켜졌어요!
2022-05-05T12:41:43.776Z [winston-test] error: uncaughtException: Invalid value { userId: 'test222' }
Error: Invalid value { userId: 'test222' }
    at Object.escape (/Users/jungdaekyu/Desktop/MilitaryBE/node_modules/sequelize/lib/sql-string.js:52:11)
    at MySQLQueryGenerator.escape (/Users/jungdaekyu/Desktop/MilitaryBE/node_modules/sequelize/lib/dialects/abstract/query-generator.js:709:22)
    at /Users/jungdaekyu/Desktop/MilitaryBE/node_modules/sequelize/lib/dialects/abstract/query-generator.js:1905:71
    at Array.map (<anonymous>)
    at MySQLQueryGenerator._whereParseSingleValueObject (/Users/jungdaekyu/Desktop/MilitaryBE/node_modules/sequelize/lib/dialects/abstract/query-generator.js:1905:52)
    at MySQLQueryGenerator.whereItemQuery (/Users/jungdaekyu/Desktop/MilitaryBE/node_modules/sequelize/lib/dialects/abstract/query-generator.js:1721:19)
    at /Users/jungdaekyu/Desktop/MilitaryBE/node_modules/sequelize/lib/dialects/abstract/query-generator.js:1646:25
    at Array.forEach (<anonymous>)
    at MySQLQueryGenerator.whereItemsQuery (/Users/jungdaekyu/Desktop/MilitaryBE/node_modules/sequelize/lib/dialects/abstract/query-generator.js:1644:35)
    at MySQLQueryGenerator.getWhereConditions (/Users/jungdaekyu/Desktop/MilitaryBE/node_modules/sequelize/lib/dialects/abstract/query-generator.js:1987:19)
    at MySQLQueryGenerator.selectQuery (/Users/jungdaekyu/Desktop/MilitaryBE/node_modules/sequelize/lib/dialects/abstract/query-generator.js:932:28)
    at MySQLQueryInterface.select (/Users/jungdaekyu/Desktop/MilitaryBE/node_modules/sequelize/lib/dialects/abstract/query-interface.js:396:59)
    at Function.findAll (/Users/jungdaekyu/Desktop/MilitaryBE/node_modules/sequelize/lib/model.js:1126:47)
    at processTicksAndRejections (node:internal/process/task_queues:96:5)
    at async Function.findOne (/Users/jungdaekyu/Desktop/MilitaryBE/node_modules/sequelize/lib/model.js:1220:12)
    at async login (/Users/jungdaekyu/Desktop/MilitaryBE/controllers/user.js:76:16)
2022-05-05T12:44:42.949Z [winston-test] info: 3000 포트로 서버가 켜졌어요!
2022-05-05T12:44:46.333Z [winston-test] error: uncaughtException: Cannot read properties of null (reading 'userPw')
TypeError: Cannot read properties of null (reading 'userPw')
    at login (/Users/jungdaekyu/Desktop/MilitaryBE/controllers/user.js:82:48)
    at processTicksAndRejections (node:internal/process/task_queues:96:5)
2022-05-05T12:45:40.051Z [winston-test] info: 3000 포트로 서버가 켜졌어요!
2022-05-05T12:45:58.721Z [winston-test] error: uncaughtException: Cannot read properties of null (reading 'userPw')
TypeError: Cannot read properties of null (reading 'userPw')
    at login (/Users/jungdaekyu/Desktop/MilitaryBE/controllers/user.js:82:48)
    at processTicksAndRejections (node:internal/process/task_queues:96:5)
2022-05-05T12:46:50.553Z [winston-test] info: 3000 포트로 서버가 켜졌어요!
2022-05-05T12:46:54.250Z [winston-test] error: uncaughtException: Cannot read properties of null (reading 'userPw')
TypeError: Cannot read properties of null (reading 'userPw')
    at login (/Users/jungdaekyu/Desktop/MilitaryBE/controllers/user.js:82:52)
    at processTicksAndRejections (node:internal/process/task_queues:96:5)
2022-05-05T12:46:58.828Z [winston-test] info: 3000 포트로 서버가 켜졌어요!
2022-05-05T12:47:01.559Z [winston-test] error: uncaughtException: Cannot read properties of null (reading 'userPw')
TypeError: Cannot read properties of null (reading 'userPw')
    at login (/Users/jungdaekyu/Desktop/MilitaryBE/controllers/user.js:82:52)
    at processTicksAndRejections (node:internal/process/task_queues:96:5)
2022-05-05T12:49:42.313Z [winston-test] info: 3000 포트로 서버가 켜졌어요!
2022-05-05T12:49:46.316Z [winston-test] error: uncaughtException: Unknown column 'User.hashed' in 'where clause'
Error
    at Query.run (/Users/jungdaekyu/Desktop/MilitaryBE/node_modules/sequelize/lib/dialects/mysql/query.js:52:25)
    at /Users/jungdaekyu/Desktop/MilitaryBE/node_modules/sequelize/lib/sequelize.js:313:28
    at processTicksAndRejections (node:internal/process/task_queues:96:5)
    at async MySQLQueryInterface.select (/Users/jungdaekyu/Desktop/MilitaryBE/node_modules/sequelize/lib/dialects/abstract/query-interface.js:396:12)
    at async Function.findAll (/Users/jungdaekyu/Desktop/MilitaryBE/node_modules/sequelize/lib/model.js:1126:21)
    at async Function.findOne (/Users/jungdaekyu/Desktop/MilitaryBE/node_modules/sequelize/lib/model.js:1220:12)
    at async login (/Users/jungdaekyu/Desktop/MilitaryBE/controllers/user.js:77:16)
2022-05-05T12:50:22.552Z [winston-test] info: 3000 포트로 서버가 켜졌어요!
2022-05-05T12:50:25.600Z [winston-test] error: uncaughtException: Cannot read properties of null (reading 'userPw')
TypeError: Cannot read properties of null (reading 'userPw')
    at login (/Users/jungdaekyu/Desktop/MilitaryBE/controllers/user.js:83:52)
    at processTicksAndRejections (node:internal/process/task_queues:96:5)
2022-05-05T12:51:03.492Z [winston-test] info: 3000 포트로 서버가 켜졌어요!
2022-05-05T12:51:06.270Z [winston-test] error: uncaughtException: Cannot read properties of null (reading 'userPw')
TypeError: Cannot read properties of null (reading 'userPw')
    at login (/Users/jungdaekyu/Desktop/MilitaryBE/controllers/user.js:84:52)
    at processTicksAndRejections (node:internal/process/task_queues:96:5)
2022-05-05T12:51:20.747Z [winston-test] info: 3000 포트로 서버가 켜졌어요!
2022-05-05T12:51:24.156Z [winston-test] error: uncaughtException: Cannot read properties of null (reading 'userPw')
TypeError: Cannot read properties of null (reading 'userPw')
    at login (/Users/jungdaekyu/Desktop/MilitaryBE/controllers/user.js:84:52)
    at processTicksAndRejections (node:internal/process/task_queues:96:5)
2022-05-05T12:53:12.460Z [winston-test] info: 3000 포트로 서버가 켜졌어요!
2022-05-05T12:53:15.894Z [winston-test] error: uncaughtException: Cannot read properties of null (reading 'userPw')
TypeError: Cannot read properties of null (reading 'userPw')
    at login (/Users/jungdaekyu/Desktop/MilitaryBE/controllers/user.js:84:52)
    at processTicksAndRejections (node:internal/process/task_queues:96:5)
2022-05-05T12:55:01.590Z [winston-test] info: 3000 포트로 서버가 켜졌어요!
2022-05-05T12:55:26.365Z [winston-test] info: 3000 포트로 서버가 켜졌어요!
